2025-02-17 01:03:07,842 - __main__ - INFO - 
STARTING THE BOT

2025-02-17 01:03:09,262 - httpx - INFO - HTTP Request: POST https://api.telegram.org/bot8077274379:AAFawJIixuMK47T9RpxiMv0TC_FnYLA6LWI/setMyCommands "HTTP/1.1 200 OK"
2025-02-17 01:03:09,263 - __main__ - INFO - 
BOT HAS STARTED

2025-02-17 01:03:09,264 - __main__ - INFO - 
BOT IS RUNNING

2025-02-17 01:03:09,264 - __main__ - INFO - 
WAITING FOR USER INTERACTIONS...

2025-02-17 01:03:09,530 - httpx - INFO - HTTP Request: POST https://api.telegram.org/bot8077274379:AAFawJIixuMK47T9RpxiMv0TC_FnYLA6LWI/getMe "HTTP/1.1 200 OK"
2025-02-17 01:03:09,682 - httpx - INFO - HTTP Request: POST https://api.telegram.org/bot8077274379:AAFawJIixuMK47T9RpxiMv0TC_FnYLA6LWI/deleteWebhook "HTTP/1.1 200 OK"
2025-02-17 01:03:09,687 - telegram.ext.Application - INFO - Application started
2025-02-17 01:03:11,254 - httpx - INFO - HTTP Request: POST https://api.telegram.org/bot8077274379:AAFawJIixuMK47T9RpxiMv0TC_FnYLA6LWI/getUpdates "HTTP/1.1 200 OK"
2025-02-17 01:03:11,259 - __main__ - INFO - INFO - User ERROR (ID: 2142334821) started the bot.
2025-02-17 01:03:11,666 - httpx - INFO - HTTP Request: POST https://api.telegram.org/bot8077274379:AAFawJIixuMK47T9RpxiMv0TC_FnYLA6LWI/sendMessage "HTTP/1.1 200 OK"
2025-02-17 01:03:13,050 - httpx - INFO - HTTP Request: POST https://api.telegram.org/bot8077274379:AAFawJIixuMK47T9RpxiMv0TC_FnYLA6LWI/getUpdates "HTTP/1.1 200 OK"
2025-02-17 01:03:13,447 - httpx - INFO - HTTP Request: POST https://api.telegram.org/bot8077274379:AAFawJIixuMK47T9RpxiMv0TC_FnYLA6LWI/answerCallbackQuery "HTTP/1.1 200 OK"
2025-02-17 01:03:13,854 - httpx - INFO - HTTP Request: POST https://api.telegram.org/bot8077274379:AAFawJIixuMK47T9RpxiMv0TC_FnYLA6LWI/editMessageText "HTTP/1.1 200 OK"
2025-02-17 01:03:14,264 - httpx - INFO - HTTP Request: POST https://api.telegram.org/bot8077274379:AAFawJIixuMK47T9RpxiMv0TC_FnYLA6LWI/editMessageText "HTTP/1.1 200 OK"
2025-02-17 01:03:16,551 - httpx - INFO - HTTP Request: POST https://api.telegram.org/bot8077274379:AAFawJIixuMK47T9RpxiMv0TC_FnYLA6LWI/getUpdates "HTTP/1.1 200 OK"
2025-02-17 01:03:16,978 - httpx - INFO - HTTP Request: POST https://api.telegram.org/bot8077274379:AAFawJIixuMK47T9RpxiMv0TC_FnYLA6LWI/sendMessage "HTTP/1.1 200 OK"
2025-02-17 01:03:17,327 - __main__ - ERROR - Download error: [0;31mERROR:[0m Cookies file must be Netscape formatted, not JSON. See  https://github.com/yt-dlp/yt-dlp/wiki/FAQ#how-do-i-pass-cookies-to-yt-dlp
2025-02-17 01:03:17,749 - httpx - INFO - HTTP Request: POST https://api.telegram.org/bot8077274379:AAFawJIixuMK47T9RpxiMv0TC_FnYLA6LWI/sendMessage "HTTP/1.1 200 OK"
2025-02-17 01:03:18,155 - httpx - INFO - HTTP Request: POST https://api.telegram.org/bot8077274379:AAFawJIixuMK47T9RpxiMv0TC_FnYLA6LWI/sendMessage "HTTP/1.1 200 OK"
2025-02-17 01:03:26,696 - httpx - INFO - HTTP Request: POST https://api.telegram.org/bot8077274379:AAFawJIixuMK47T9RpxiMv0TC_FnYLA6LWI/getUpdates "HTTP/1.1 200 OK"
2025-02-17 01:03:36,832 - httpx - INFO - HTTP Request: POST https://api.telegram.org/bot8077274379:AAFawJIixuMK47T9RpxiMv0TC_FnYLA6LWI/getUpdates "HTTP/1.1 200 OK"
2025-02-17 01:04:08,154 - __main__ - INFO - 
STARTING THE BOT

2025-02-17 01:04:09,649 - httpx - INFO - HTTP Request: POST https://api.telegram.org/bot8077274379:AAFawJIixuMK47T9RpxiMv0TC_FnYLA6LWI/setMyCommands "HTTP/1.1 200 OK"
2025-02-17 01:04:09,650 - __main__ - INFO - 
BOT HAS STARTED

2025-02-17 01:04:09,651 - __main__ - INFO - 
BOT IS RUNNING

2025-02-17 01:04:09,652 - __main__ - INFO - 
WAITING FOR USER INTERACTIONS...

2025-02-17 01:04:10,012 - httpx - INFO - HTTP Request: POST https://api.telegram.org/bot8077274379:AAFawJIixuMK47T9RpxiMv0TC_FnYLA6LWI/getMe "HTTP/1.1 200 OK"
2025-02-17 01:04:10,149 - httpx - INFO - HTTP Request: POST https://api.telegram.org/bot8077274379:AAFawJIixuMK47T9RpxiMv0TC_FnYLA6LWI/deleteWebhook "HTTP/1.1 200 OK"
2025-02-17 01:04:10,151 - telegram.ext.Application - INFO - Application started
2025-02-17 01:04:11,658 - httpx - INFO - HTTP Request: POST https://api.telegram.org/bot8077274379:AAFawJIixuMK47T9RpxiMv0TC_FnYLA6LWI/getUpdates "HTTP/1.1 200 OK"
2025-02-17 01:04:11,661 - __main__ - INFO - INFO - User ERROR (ID: 2142334821) started the bot.
2025-02-17 01:04:12,165 - httpx - INFO - HTTP Request: POST https://api.telegram.org/bot8077274379:AAFawJIixuMK47T9RpxiMv0TC_FnYLA6LWI/sendMessage "HTTP/1.1 200 OK"
2025-02-17 01:04:14,821 - httpx - INFO - HTTP Request: POST https://api.telegram.org/bot8077274379:AAFawJIixuMK47T9RpxiMv0TC_FnYLA6LWI/getUpdates "HTTP/1.1 200 OK"
2025-02-17 01:04:15,234 - httpx - INFO - HTTP Request: POST https://api.telegram.org/bot8077274379:AAFawJIixuMK47T9RpxiMv0TC_FnYLA6LWI/sendMessage "HTTP/1.1 200 OK"
2025-02-17 01:04:16,187 - httpx - INFO - HTTP Request: POST https://api.telegram.org/bot8077274379:AAFawJIixuMK47T9RpxiMv0TC_FnYLA6LWI/getUpdates "HTTP/1.1 200 OK"
2025-02-17 01:04:16,621 - httpx - INFO - HTTP Request: POST https://api.telegram.org/bot8077274379:AAFawJIixuMK47T9RpxiMv0TC_FnYLA6LWI/answerCallbackQuery "HTTP/1.1 200 OK"
2025-02-17 01:04:17,062 - httpx - INFO - HTTP Request: POST https://api.telegram.org/bot8077274379:AAFawJIixuMK47T9RpxiMv0TC_FnYLA6LWI/editMessageText "HTTP/1.1 200 OK"
2025-02-17 01:04:17,507 - httpx - INFO - HTTP Request: POST https://api.telegram.org/bot8077274379:AAFawJIixuMK47T9RpxiMv0TC_FnYLA6LWI/sendMessage "HTTP/1.1 200 OK"
2025-02-17 01:04:17,634 - __main__ - ERROR - Download error: [0;31mERROR:[0m Cookies file must be Netscape formatted, not JSON. See  https://github.com/yt-dlp/yt-dlp/wiki/FAQ#how-do-i-pass-cookies-to-yt-dlp
2025-02-17 01:04:18,050 - httpx - INFO - HTTP Request: POST https://api.telegram.org/bot8077274379:AAFawJIixuMK47T9RpxiMv0TC_FnYLA6LWI/sendMessage "HTTP/1.1 200 OK"
2025-02-17 01:04:18,469 - httpx - INFO - HTTP Request: POST https://api.telegram.org/bot8077274379:AAFawJIixuMK47T9RpxiMv0TC_FnYLA6LWI/sendMessage "HTTP/1.1 200 OK"
2025-02-17 01:04:26,359 - httpx - INFO - HTTP Request: POST https://api.telegram.org/bot8077274379:AAFawJIixuMK47T9RpxiMv0TC_FnYLA6LWI/getUpdates "HTTP/1.1 200 OK"
2025-02-17 01:04:36,502 - httpx - INFO - HTTP Request: POST https://api.telegram.org/bot8077274379:AAFawJIixuMK47T9RpxiMv0TC_FnYLA6LWI/getUpdates "HTTP/1.1 200 OK"
2025-02-17 01:04:46,645 - httpx - INFO - HTTP Request: POST https://api.telegram.org/bot8077274379:AAFawJIixuMK47T9RpxiMv0TC_FnYLA6LWI/getUpdates "HTTP/1.1 200 OK"
2025-02-17 01:05:04,634 - __main__ - INFO - 
STARTING THE BOT

2025-02-17 01:05:06,007 - httpx - INFO - HTTP Request: POST https://api.telegram.org/bot8077274379:AAFawJIixuMK47T9RpxiMv0TC_FnYLA6LWI/setMyCommands "HTTP/1.1 200 OK"
2025-02-17 01:05:06,009 - __main__ - INFO - 
BOT HAS STARTED

2025-02-17 01:05:06,009 - __main__ - INFO - 
BOT IS RUNNING

2025-02-17 01:05:06,010 - __main__ - INFO - 
WAITING FOR USER INTERACTIONS...

2025-02-17 01:05:06,312 - httpx - INFO - HTTP Request: POST https://api.telegram.org/bot8077274379:AAFawJIixuMK47T9RpxiMv0TC_FnYLA6LWI/getMe "HTTP/1.1 200 OK"
2025-02-17 01:05:06,487 - httpx - INFO - HTTP Request: POST https://api.telegram.org/bot8077274379:AAFawJIixuMK47T9RpxiMv0TC_FnYLA6LWI/deleteWebhook "HTTP/1.1 200 OK"
2025-02-17 01:05:06,489 - telegram.ext.Application - INFO - Application started
2025-02-17 01:05:11,354 - httpx - INFO - HTTP Request: POST https://api.telegram.org/bot8077274379:AAFawJIixuMK47T9RpxiMv0TC_FnYLA6LWI/getUpdates "HTTP/1.1 200 OK"
2025-02-17 01:05:11,356 - __main__ - INFO - INFO - User ERROR (ID: 2142334821) started the bot.
2025-02-17 01:05:11,791 - httpx - INFO - HTTP Request: POST https://api.telegram.org/bot8077274379:AAFawJIixuMK47T9RpxiMv0TC_FnYLA6LWI/sendMessage "HTTP/1.1 200 OK"
2025-02-17 01:05:12,757 - httpx - INFO - HTTP Request: POST https://api.telegram.org/bot8077274379:AAFawJIixuMK47T9RpxiMv0TC_FnYLA6LWI/getUpdates "HTTP/1.1 200 OK"
2025-02-17 01:05:13,192 - httpx - INFO - HTTP Request: POST https://api.telegram.org/bot8077274379:AAFawJIixuMK47T9RpxiMv0TC_FnYLA6LWI/answerCallbackQuery "HTTP/1.1 200 OK"
2025-02-17 01:05:13,599 - httpx - INFO - HTTP Request: POST https://api.telegram.org/bot8077274379:AAFawJIixuMK47T9RpxiMv0TC_FnYLA6LWI/editMessageText "HTTP/1.1 200 OK"
2025-02-17 01:05:14,020 - httpx - INFO - HTTP Request: POST https://api.telegram.org/bot8077274379:AAFawJIixuMK47T9RpxiMv0TC_FnYLA6LWI/editMessageText "HTTP/1.1 200 OK"
2025-02-17 01:05:14,715 - httpx - INFO - HTTP Request: POST https://api.telegram.org/bot8077274379:AAFawJIixuMK47T9RpxiMv0TC_FnYLA6LWI/getUpdates "HTTP/1.1 200 OK"
2025-02-17 01:05:15,122 - httpx - INFO - HTTP Request: POST https://api.telegram.org/bot8077274379:AAFawJIixuMK47T9RpxiMv0TC_FnYLA6LWI/sendMessage "HTTP/1.1 200 OK"
2025-02-17 01:05:15,265 - __main__ - ERROR - Download error: [0;31mERROR:[0m Cookies file must be Netscape formatted, not JSON. See  https://github.com/yt-dlp/yt-dlp/wiki/FAQ#how-do-i-pass-cookies-to-yt-dlp
2025-02-17 01:05:15,695 - httpx - INFO - HTTP Request: POST https://api.telegram.org/bot8077274379:AAFawJIixuMK47T9RpxiMv0TC_FnYLA6LWI/sendMessage "HTTP/1.1 200 OK"
2025-02-17 01:05:16,113 - httpx - INFO - HTTP Request: POST https://api.telegram.org/bot8077274379:AAFawJIixuMK47T9RpxiMv0TC_FnYLA6LWI/sendMessage "HTTP/1.1 200 OK"
2025-02-17 01:05:24,853 - httpx - INFO - HTTP Request: POST https://api.telegram.org/bot8077274379:AAFawJIixuMK47T9RpxiMv0TC_FnYLA6LWI/getUpdates "HTTP/1.1 200 OK"
2025-02-17 01:05:34,992 - httpx - INFO - HTTP Request: POST https://api.telegram.org/bot8077274379:AAFawJIixuMK47T9RpxiMv0TC_FnYLA6LWI/getUpdates "HTTP/1.1 200 OK"
2025-02-17 01:05:45,126 - httpx - INFO - HTTP Request: POST https://api.telegram.org/bot8077274379:AAFawJIixuMK47T9RpxiMv0TC_FnYLA6LWI/getUpdates "HTTP/1.1 200 OK"
2025-02-17 01:05:55,259 - httpx - INFO - HTTP Request: POST https://api.telegram.org/bot8077274379:AAFawJIixuMK47T9RpxiMv0TC_FnYLA6LWI/getUpdates "HTTP/1.1 200 OK"
2025-02-17 01:06:05,393 - httpx - INFO - HTTP Request: POST https://api.telegram.org/bot8077274379:AAFawJIixuMK47T9RpxiMv0TC_FnYLA6LWI/getUpdates "HTTP/1.1 200 OK"
2025-02-17 01:06:15,542 - httpx - INFO - HTTP Request: POST https://api.telegram.org/bot8077274379:AAFawJIixuMK47T9RpxiMv0TC_FnYLA6LWI/getUpdates "HTTP/1.1 200 OK"
2025-02-17 01:06:25,683 - httpx - INFO - HTTP Request: POST https://api.telegram.org/bot8077274379:AAFawJIixuMK47T9RpxiMv0TC_FnYLA6LWI/getUpdates "HTTP/1.1 200 OK"
2025-02-17 01:06:35,819 - httpx - INFO - HTTP Request: POST https://api.telegram.org/bot8077274379:AAFawJIixuMK47T9RpxiMv0TC_FnYLA6LWI/getUpdates "HTTP/1.1 200 OK"
2025-02-17 01:06:45,966 - httpx - INFO - HTTP Request: POST https://api.telegram.org/bot8077274379:AAFawJIixuMK47T9RpxiMv0TC_FnYLA6LWI/getUpdates "HTTP/1.1 200 OK"
2025-02-17 01:06:56,113 - httpx - INFO - HTTP Request: POST https://api.telegram.org/bot8077274379:AAFawJIixuMK47T9RpxiMv0TC_FnYLA6LWI/getUpdates "HTTP/1.1 200 OK"
2025-02-17 01:07:06,253 - httpx - INFO - HTTP Request: POST https://api.telegram.org/bot8077274379:AAFawJIixuMK47T9RpxiMv0TC_FnYLA6LWI/getUpdates "HTTP/1.1 200 OK"
2025-02-17 01:07:16,393 - httpx - INFO - HTTP Request: POST https://api.telegram.org/bot8077274379:AAFawJIixuMK47T9RpxiMv0TC_FnYLA6LWI/getUpdates "HTTP/1.1 200 OK"
2025-02-17 01:07:26,530 - httpx - INFO - HTTP Request: POST https://api.telegram.org/bot8077274379:AAFawJIixuMK47T9RpxiMv0TC_FnYLA6LWI/getUpdates "HTTP/1.1 200 OK"
2025-02-17 01:07:50,874 - __main__ - INFO - 
STARTING THE BOT

2025-02-17 01:07:53,085 - httpx - INFO - HTTP Request: POST https://api.telegram.org/bot8077274379:AAFawJIixuMK47T9RpxiMv0TC_FnYLA6LWI/setMyCommands "HTTP/1.1 200 OK"
2025-02-17 01:07:53,086 - __main__ - INFO - 
BOT HAS STARTED

2025-02-17 01:07:53,086 - __main__ - INFO - 
BOT IS RUNNING

2025-02-17 01:07:53,087 - __main__ - INFO - 
WAITING FOR USER INTERACTIONS...

2025-02-17 01:07:53,490 - httpx - INFO - HTTP Request: POST https://api.telegram.org/bot8077274379:AAFawJIixuMK47T9RpxiMv0TC_FnYLA6LWI/getMe "HTTP/1.1 200 OK"
2025-02-17 01:07:53,622 - httpx - INFO - HTTP Request: POST https://api.telegram.org/bot8077274379:AAFawJIixuMK47T9RpxiMv0TC_FnYLA6LWI/deleteWebhook "HTTP/1.1 200 OK"
2025-02-17 01:07:53,623 - telegram.ext.Application - INFO - Application started
2025-02-17 01:07:56,155 - httpx - INFO - HTTP Request: POST https://api.telegram.org/bot8077274379:AAFawJIixuMK47T9RpxiMv0TC_FnYLA6LWI/getUpdates "HTTP/1.1 200 OK"
2025-02-17 01:07:56,865 - httpx - INFO - HTTP Request: POST https://api.telegram.org/bot8077274379:AAFawJIixuMK47T9RpxiMv0TC_FnYLA6LWI/sendMessage "HTTP/1.1 200 OK"
2025-02-17 01:07:57,982 - httpx - INFO - HTTP Request: POST https://api.telegram.org/bot8077274379:AAFawJIixuMK47T9RpxiMv0TC_FnYLA6LWI/getUpdates "HTTP/1.1 200 OK"
2025-02-17 01:07:58,371 - httpx - INFO - HTTP Request: POST https://api.telegram.org/bot8077274379:AAFawJIixuMK47T9RpxiMv0TC_FnYLA6LWI/answerCallbackQuery "HTTP/1.1 200 OK"
2025-02-17 01:07:58,770 - httpx - INFO - HTTP Request: POST https://api.telegram.org/bot8077274379:AAFawJIixuMK47T9RpxiMv0TC_FnYLA6LWI/editMessageText "HTTP/1.1 200 OK"
2025-02-17 01:07:59,176 - httpx - INFO - HTTP Request: POST https://api.telegram.org/bot8077274379:AAFawJIixuMK47T9RpxiMv0TC_FnYLA6LWI/sendMessage "HTTP/1.1 200 OK"
2025-02-17 01:07:59,331 - __main__ - ERROR - Download error: [0;31mERROR:[0m 'cookies_netscape.txt' does not look like a Netscape format cookies file
2025-02-17 01:07:59,739 - httpx - INFO - HTTP Request: POST https://api.telegram.org/bot8077274379:AAFawJIixuMK47T9RpxiMv0TC_FnYLA6LWI/sendMessage "HTTP/1.1 200 OK"
2025-02-17 01:08:00,146 - httpx - INFO - HTTP Request: POST https://api.telegram.org/bot8077274379:AAFawJIixuMK47T9RpxiMv0TC_FnYLA6LWI/sendMessage "HTTP/1.1 200 OK"
2025-02-17 01:08:08,128 - httpx - INFO - HTTP Request: POST https://api.telegram.org/bot8077274379:AAFawJIixuMK47T9RpxiMv0TC_FnYLA6LWI/getUpdates "HTTP/1.1 200 OK"
2025-02-17 01:08:13,436 - telegram.ext.Updater - ERROR - Error while calling `get_updates` one more time to mark all fetched updates as read: %s. Suppressing error to ensure graceful shutdown. When polling for updates is restarted, updates may be fetched again. Please adjust timeouts via `ApplicationBuilder` or the parameter `get_updates_request` of `Bot`.
Traceback (most recent call last):
  File "C:\Users\atikm\AppData\Local\Programs\Python\Python313\Lib\site-packages\httpx\_transports\default.py", line 101, in map_httpcore_exceptions
    yield
  File "C:\Users\atikm\AppData\Local\Programs\Python\Python313\Lib\site-packages\httpx\_transports\default.py", line 394, in handle_async_request
    resp = await self._pool.handle_async_request(req)
           ^^^^^^^^^^^^^^^^^^^^^^^^^^^^^^^^^^^^^^^^^^
  File "C:\Users\atikm\AppData\Local\Programs\Python\Python313\Lib\site-packages\httpcore\_async\connection_pool.py", line 256, in handle_async_request
    raise exc from None
  File "C:\Users\atikm\AppData\Local\Programs\Python\Python313\Lib\site-packages\httpcore\_async\connection_pool.py", line 236, in handle_async_request
    response = await connection.handle_async_request(
               ^^^^^^^^^^^^^^^^^^^^^^^^^^^^^^^^^^^^^^
        pool_request.request
        ^^^^^^^^^^^^^^^^^^^^
    )
    ^
  File "C:\Users\atikm\AppData\Local\Programs\Python\Python313\Lib\site-packages\httpcore\_async\connection.py", line 101, in handle_async_request
    raise exc
  File "C:\Users\atikm\AppData\Local\Programs\Python\Python313\Lib\site-packages\httpcore\_async\connection.py", line 78, in handle_async_request
    stream = await self._connect(request)
             ^^^^^^^^^^^^^^^^^^^^^^^^^^^^
  File "C:\Users\atikm\AppData\Local\Programs\Python\Python313\Lib\site-packages\httpcore\_async\connection.py", line 124, in _connect
    stream = await self._network_backend.connect_tcp(**kwargs)
             ^^^^^^^^^^^^^^^^^^^^^^^^^^^^^^^^^^^^^^^^^^^^^^^^^
  File "C:\Users\atikm\AppData\Local\Programs\Python\Python313\Lib\site-packages\httpcore\_backends\auto.py", line 31, in connect_tcp
    return await self._backend.connect_tcp(
           ^^^^^^^^^^^^^^^^^^^^^^^^^^^^^^^^
    ...<5 lines>...
    )
    ^
  File "C:\Users\atikm\AppData\Local\Programs\Python\Python313\Lib\site-packages\httpcore\_backends\anyio.py", line 113, in connect_tcp
    with map_exceptions(exc_map):
         ~~~~~~~~~~~~~~^^^^^^^^^
  File "C:\Users\atikm\AppData\Local\Programs\Python\Python313\Lib\contextlib.py", line 162, in __exit__
    self.gen.throw(value)
    ~~~~~~~~~~~~~~^^^^^^^
  File "C:\Users\atikm\AppData\Local\Programs\Python\Python313\Lib\site-packages\httpcore\_exceptions.py", line 14, in map_exceptions
    raise to_exc(exc) from exc
httpcore.ConnectTimeout

The above exception was the direct cause of the following exception:

Traceback (most recent call last):
  File "C:\Users\atikm\AppData\Local\Programs\Python\Python313\Lib\site-packages\telegram\request\_httpxrequest.py", line 293, in do_request
    res = await self._client.request(
          ^^^^^^^^^^^^^^^^^^^^^^^^^^^
    ...<6 lines>...
    )
    ^
  File "C:\Users\atikm\AppData\Local\Programs\Python\Python313\Lib\site-packages\httpx\_client.py", line 1540, in request
    return await self.send(request, auth=auth, follow_redirects=follow_redirects)
           ^^^^^^^^^^^^^^^^^^^^^^^^^^^^^^^^^^^^^^^^^^^^^^^^^^^^^^^^^^^^^^^^^^^^^^
  File "C:\Users\atikm\AppData\Local\Programs\Python\Python313\Lib\site-packages\httpx\_client.py", line 1629, in send
    response = await self._send_handling_auth(
               ^^^^^^^^^^^^^^^^^^^^^^^^^^^^^^^
    ...<4 lines>...
    )
    ^
  File "C:\Users\atikm\AppData\Local\Programs\Python\Python313\Lib\site-packages\httpx\_client.py", line 1657, in _send_handling_auth
    response = await self._send_handling_redirects(
               ^^^^^^^^^^^^^^^^^^^^^^^^^^^^^^^^^^^^
    ...<3 lines>...
    )
    ^
  File "C:\Users\atikm\AppData\Local\Programs\Python\Python313\Lib\site-packages\httpx\_client.py", line 1694, in _send_handling_redirects
    response = await self._send_single_request(request)
               ^^^^^^^^^^^^^^^^^^^^^^^^^^^^^^^^^^^^^^^^
  File "C:\Users\atikm\AppData\Local\Programs\Python\Python313\Lib\site-packages\httpx\_client.py", line 1730, in _send_single_request
    response = await transport.handle_async_request(request)
               ^^^^^^^^^^^^^^^^^^^^^^^^^^^^^^^^^^^^^^^^^^^^^
  File "C:\Users\atikm\AppData\Local\Programs\Python\Python313\Lib\site-packages\httpx\_transports\default.py", line 393, in handle_async_request
    with map_httpcore_exceptions():
         ~~~~~~~~~~~~~~~~~~~~~~~^^
  File "C:\Users\atikm\AppData\Local\Programs\Python\Python313\Lib\contextlib.py", line 162, in __exit__
    self.gen.throw(value)
    ~~~~~~~~~~~~~~^^^^^^^
  File "C:\Users\atikm\AppData\Local\Programs\Python\Python313\Lib\site-packages\httpx\_transports\default.py", line 118, in map_httpcore_exceptions
    raise mapped_exc(message) from exc
httpx.ConnectTimeout

The above exception was the direct cause of the following exception:

Traceback (most recent call last):
  File "C:\Users\atikm\AppData\Local\Programs\Python\Python313\Lib\site-packages\telegram\ext\_updater.py", line 432, in _get_updates_cleanup
    await self.bot.get_updates(
    ...<8 lines>...
    )
  File "C:\Users\atikm\AppData\Local\Programs\Python\Python313\Lib\site-packages\telegram\ext\_extbot.py", line 650, in get_updates
    updates = await super().get_updates(
              ^^^^^^^^^^^^^^^^^^^^^^^^^^
    ...<9 lines>...
    )
    ^
  File "C:\Users\atikm\AppData\Local\Programs\Python\Python313\Lib\site-packages\telegram\_bot.py", line 4480, in get_updates
    await self._post(
    ^^^^^^^^^^^^^^^^^
    ...<7 lines>...
    ),
    ^
  File "C:\Users\atikm\AppData\Local\Programs\Python\Python313\Lib\site-packages\telegram\_bot.py", line 619, in _post
    return await self._do_post(
           ^^^^^^^^^^^^^^^^^^^^
    ...<6 lines>...
    )
    ^
  File "C:\Users\atikm\AppData\Local\Programs\Python\Python313\Lib\site-packages\telegram\ext\_extbot.py", line 354, in _do_post
    return await super()._do_post(
           ^^^^^^^^^^^^^^^^^^^^^^^
    ...<6 lines>...
    )
    ^
  File "C:\Users\atikm\AppData\Local\Programs\Python\Python313\Lib\site-packages\telegram\_bot.py", line 648, in _do_post
    result = await request.post(
             ^^^^^^^^^^^^^^^^^^^
    ...<6 lines>...
    )
    ^
  File "C:\Users\atikm\AppData\Local\Programs\Python\Python313\Lib\site-packages\telegram\request\_baserequest.py", line 202, in post
    result = await self._request_wrapper(
             ^^^^^^^^^^^^^^^^^^^^^^^^^^^^
    ...<7 lines>...
    )
    ^
  File "C:\Users\atikm\AppData\Local\Programs\Python\Python313\Lib\site-packages\telegram\request\_baserequest.py", line 334, in _request_wrapper
    code, payload = await self.do_request(
                    ^^^^^^^^^^^^^^^^^^^^^^
    ...<7 lines>...
    )
    ^
  File "C:\Users\atikm\AppData\Local\Programs\Python\Python313\Lib\site-packages\telegram\request\_httpxrequest.py", line 310, in do_request
    raise TimedOut from err
telegram.error.TimedOut: Timed out
2025-02-17 01:08:13,764 - telegram.ext.Application - INFO - Application is stopping. This might take a moment.
2025-02-17 01:08:13,764 - telegram.ext.Application - INFO - Application.stop() complete
2025-02-17 01:11:30,135 - __main__ - WARNING - Cookies file not found at: /app/cookies.txt. Creating an empty cookies file.
2025-02-17 01:12:47,318 - __main__ - INFO - 
STARTING THE BOT

2025-02-17 01:12:48,728 - httpx - INFO - HTTP Request: POST https://api.telegram.org/bot8077274379:AAFawJIixuMK47T9RpxiMv0TC_FnYLA6LWI/setMyCommands "HTTP/1.1 200 OK"
2025-02-17 01:12:48,729 - __main__ - INFO - 
BOT HAS STARTED

2025-02-17 01:12:48,730 - __main__ - INFO - 
BOT IS RUNNING

2025-02-17 01:12:48,730 - __main__ - INFO - 
WAITING FOR USER INTERACTIONS...

2025-02-17 01:12:49,150 - httpx - INFO - HTTP Request: POST https://api.telegram.org/bot8077274379:AAFawJIixuMK47T9RpxiMv0TC_FnYLA6LWI/getMe "HTTP/1.1 200 OK"
2025-02-17 01:12:49,326 - httpx - INFO - HTTP Request: POST https://api.telegram.org/bot8077274379:AAFawJIixuMK47T9RpxiMv0TC_FnYLA6LWI/deleteWebhook "HTTP/1.1 200 OK"
2025-02-17 01:12:49,328 - telegram.ext.Application - INFO - Application started
2025-02-17 01:12:55,668 - httpx - INFO - HTTP Request: POST https://api.telegram.org/bot8077274379:AAFawJIixuMK47T9RpxiMv0TC_FnYLA6LWI/getUpdates "HTTP/1.1 200 OK"
2025-02-17 01:12:55,670 - __main__ - INFO - INFO - User ERROR (ID: 2142334821) started the bot.
2025-02-17 01:12:56,411 - httpx - INFO - HTTP Request: POST https://api.telegram.org/bot8077274379:AAFawJIixuMK47T9RpxiMv0TC_FnYLA6LWI/sendMessage "HTTP/1.1 200 OK"
2025-02-17 01:12:57,603 - httpx - INFO - HTTP Request: POST https://api.telegram.org/bot8077274379:AAFawJIixuMK47T9RpxiMv0TC_FnYLA6LWI/getUpdates "HTTP/1.1 200 OK"
2025-02-17 01:12:58,040 - httpx - INFO - HTTP Request: POST https://api.telegram.org/bot8077274379:AAFawJIixuMK47T9RpxiMv0TC_FnYLA6LWI/answerCallbackQuery "HTTP/1.1 200 OK"
2025-02-17 01:12:58,493 - httpx - INFO - HTTP Request: POST https://api.telegram.org/bot8077274379:AAFawJIixuMK47T9RpxiMv0TC_FnYLA6LWI/editMessageText "HTTP/1.1 200 OK"
2025-02-17 01:12:58,912 - httpx - INFO - HTTP Request: POST https://api.telegram.org/bot8077274379:AAFawJIixuMK47T9RpxiMv0TC_FnYLA6LWI/editMessageText "HTTP/1.1 200 OK"
2025-02-17 01:13:00,113 - httpx - INFO - HTTP Request: POST https://api.telegram.org/bot8077274379:AAFawJIixuMK47T9RpxiMv0TC_FnYLA6LWI/getUpdates "HTTP/1.1 200 OK"
2025-02-17 01:13:00,552 - httpx - INFO - HTTP Request: POST https://api.telegram.org/bot8077274379:AAFawJIixuMK47T9RpxiMv0TC_FnYLA6LWI/sendMessage "HTTP/1.1 200 OK"
2025-02-17 01:13:00,688 - __main__ - ERROR - Download error: [0;31mERROR:[0m 'cookies_netscape.txt' does not look like a Netscape format cookies file
2025-02-17 01:13:01,112 - httpx - INFO - HTTP Request: POST https://api.telegram.org/bot8077274379:AAFawJIixuMK47T9RpxiMv0TC_FnYLA6LWI/sendMessage "HTTP/1.1 200 OK"
2025-02-17 01:13:01,795 - httpx - INFO - HTTP Request: POST https://api.telegram.org/bot8077274379:AAFawJIixuMK47T9RpxiMv0TC_FnYLA6LWI/sendMessage "HTTP/1.1 200 OK"
2025-02-17 01:13:03,655 - httpx - INFO - HTTP Request: POST https://api.telegram.org/bot8077274379:AAFawJIixuMK47T9RpxiMv0TC_FnYLA6LWI/getUpdates "HTTP/1.1 200 OK"
2025-02-17 01:13:04,054 - httpx - INFO - HTTP Request: POST https://api.telegram.org/bot8077274379:AAFawJIixuMK47T9RpxiMv0TC_FnYLA6LWI/answerCallbackQuery "HTTP/1.1 200 OK"
2025-02-17 01:13:04,466 - httpx - INFO - HTTP Request: POST https://api.telegram.org/bot8077274379:AAFawJIixuMK47T9RpxiMv0TC_FnYLA6LWI/editMessageText "HTTP/1.1 200 OK"
2025-02-17 01:13:05,200 - httpx - INFO - HTTP Request: POST https://api.telegram.org/bot8077274379:AAFawJIixuMK47T9RpxiMv0TC_FnYLA6LWI/getUpdates "HTTP/1.1 200 OK"
2025-02-17 01:13:05,648 - httpx - INFO - HTTP Request: POST https://api.telegram.org/bot8077274379:AAFawJIixuMK47T9RpxiMv0TC_FnYLA6LWI/answerCallbackQuery "HTTP/1.1 200 OK"
2025-02-17 01:13:06,054 - httpx - INFO - HTTP Request: POST https://api.telegram.org/bot8077274379:AAFawJIixuMK47T9RpxiMv0TC_FnYLA6LWI/editMessageText "HTTP/1.1 200 OK"
2025-02-17 01:13:06,472 - httpx - INFO - HTTP Request: POST https://api.telegram.org/bot8077274379:AAFawJIixuMK47T9RpxiMv0TC_FnYLA6LWI/editMessageText "HTTP/1.1 200 OK"
2025-02-17 01:13:07,660 - httpx - INFO - HTTP Request: POST https://api.telegram.org/bot8077274379:AAFawJIixuMK47T9RpxiMv0TC_FnYLA6LWI/getUpdates "HTTP/1.1 200 OK"
2025-02-17 01:13:08,141 - httpx - INFO - HTTP Request: POST https://api.telegram.org/bot8077274379:AAFawJIixuMK47T9RpxiMv0TC_FnYLA6LWI/sendMessage "HTTP/1.1 200 OK"
2025-02-17 01:13:08,237 - __main__ - ERROR - Download error: [0;31mERROR:[0m 'cookies_netscape.txt' does not look like a Netscape format cookies file
2025-02-17 01:13:08,655 - httpx - INFO - HTTP Request: POST https://api.telegram.org/bot8077274379:AAFawJIixuMK47T9RpxiMv0TC_FnYLA6LWI/sendMessage "HTTP/1.1 200 OK"
2025-02-17 01:13:09,088 - httpx - INFO - HTTP Request: POST https://api.telegram.org/bot8077274379:AAFawJIixuMK47T9RpxiMv0TC_FnYLA6LWI/sendMessage "HTTP/1.1 200 OK"
2025-02-17 01:13:17,798 - httpx - INFO - HTTP Request: POST https://api.telegram.org/bot8077274379:AAFawJIixuMK47T9RpxiMv0TC_FnYLA6LWI/getUpdates "HTTP/1.1 200 OK"
2025-03-02 16:22:45,953 - __main__ - INFO - 
STARTING THE BOT

2025-03-02 16:22:47,639 - httpx - INFO - HTTP Request: POST https://api.telegram.org/bot8077274379:AAFawJIixuMK47T9RpxiMv0TC_FnYLA6LWI/setMyCommands "HTTP/1.1 200 OK"
2025-03-02 16:22:47,641 - __main__ - INFO - 
BOT HAS STARTED

2025-03-02 16:22:47,641 - __main__ - INFO - 
BOT IS RUNNING

2025-03-02 16:22:47,641 - __main__ - INFO - 
WAITING FOR USER INTERACTIONS...

2025-03-02 16:22:48,057 - httpx - INFO - HTTP Request: POST https://api.telegram.org/bot8077274379:AAFawJIixuMK47T9RpxiMv0TC_FnYLA6LWI/getMe "HTTP/1.1 200 OK"
2025-03-02 16:22:48,250 - httpx - INFO - HTTP Request: POST https://api.telegram.org/bot8077274379:AAFawJIixuMK47T9RpxiMv0TC_FnYLA6LWI/deleteWebhook "HTTP/1.1 200 OK"
2025-03-02 16:22:48,252 - telegram.ext.Application - INFO - Application started
2025-03-02 16:22:56,140 - httpx - INFO - HTTP Request: POST https://api.telegram.org/bot8077274379:AAFawJIixuMK47T9RpxiMv0TC_FnYLA6LWI/getUpdates "HTTP/1.1 200 OK"
2025-03-02 16:22:56,144 - __main__ - INFO - INFO - User ERROR (ID: 2142334821) started the bot.
2025-03-02 16:22:57,161 - httpx - INFO - HTTP Request: POST https://api.telegram.org/bot8077274379:AAFawJIixuMK47T9RpxiMv0TC_FnYLA6LWI/sendMessage "HTTP/1.1 200 OK"
2025-03-02 16:22:58,800 - httpx - INFO - HTTP Request: POST https://api.telegram.org/bot8077274379:AAFawJIixuMK47T9RpxiMv0TC_FnYLA6LWI/getUpdates "HTTP/1.1 200 OK"
2025-03-02 16:22:59,208 - httpx - INFO - HTTP Request: POST https://api.telegram.org/bot8077274379:AAFawJIixuMK47T9RpxiMv0TC_FnYLA6LWI/answerCallbackQuery "HTTP/1.1 200 OK"
2025-03-02 16:22:59,729 - httpx - INFO - HTTP Request: POST https://api.telegram.org/bot8077274379:AAFawJIixuMK47T9RpxiMv0TC_FnYLA6LWI/editMessageText "HTTP/1.1 200 OK"
2025-03-02 16:23:00,235 - httpx - INFO - HTTP Request: POST https://api.telegram.org/bot8077274379:AAFawJIixuMK47T9RpxiMv0TC_FnYLA6LWI/editMessageText "HTTP/1.1 200 OK"
2025-03-02 16:23:08,121 - httpx - INFO - HTTP Request: POST https://api.telegram.org/bot8077274379:AAFawJIixuMK47T9RpxiMv0TC_FnYLA6LWI/getUpdates "HTTP/1.1 200 OK"
2025-03-02 16:23:09,038 - httpx - INFO - HTTP Request: POST https://api.telegram.org/bot8077274379:AAFawJIixuMK47T9RpxiMv0TC_FnYLA6LWI/sendMessage "HTTP/1.1 200 OK"
2025-03-02 16:23:09,344 - __main__ - ERROR - Download error: [0;31mERROR:[0m 'cookies_netscape.txt' does not look like a Netscape format cookies file
2025-03-02 16:23:09,855 - httpx - INFO - HTTP Request: POST https://api.telegram.org/bot8077274379:AAFawJIixuMK47T9RpxiMv0TC_FnYLA6LWI/sendMessage "HTTP/1.1 200 OK"
2025-03-02 16:23:10,278 - httpx - INFO - HTTP Request: POST https://api.telegram.org/bot8077274379:AAFawJIixuMK47T9RpxiMv0TC_FnYLA6LWI/sendMessage "HTTP/1.1 200 OK"
2025-03-02 16:23:18,361 - httpx - INFO - HTTP Request: POST https://api.telegram.org/bot8077274379:AAFawJIixuMK47T9RpxiMv0TC_FnYLA6LWI/getUpdates "HTTP/1.1 200 OK"
2025-03-02 16:23:28,602 - httpx - INFO - HTTP Request: POST https://api.telegram.org/bot8077274379:AAFawJIixuMK47T9RpxiMv0TC_FnYLA6LWI/getUpdates "HTTP/1.1 200 OK"
2025-03-02 16:23:38,962 - httpx - INFO - HTTP Request: POST https://api.telegram.org/bot8077274379:AAFawJIixuMK47T9RpxiMv0TC_FnYLA6LWI/getUpdates "HTTP/1.1 200 OK"
2025-03-02 16:23:49,152 - httpx - INFO - HTTP Request: POST https://api.telegram.org/bot8077274379:AAFawJIixuMK47T9RpxiMv0TC_FnYLA6LWI/getUpdates "HTTP/1.1 200 OK"
2025-03-02 16:23:59,438 - httpx - INFO - HTTP Request: POST https://api.telegram.org/bot8077274379:AAFawJIixuMK47T9RpxiMv0TC_FnYLA6LWI/getUpdates "HTTP/1.1 200 OK"
2025-03-02 16:24:09,794 - httpx - INFO - HTTP Request: POST https://api.telegram.org/bot8077274379:AAFawJIixuMK47T9RpxiMv0TC_FnYLA6LWI/getUpdates "HTTP/1.1 200 OK"
2025-03-02 16:24:20,109 - httpx - INFO - HTTP Request: POST https://api.telegram.org/bot8077274379:AAFawJIixuMK47T9RpxiMv0TC_FnYLA6LWI/getUpdates "HTTP/1.1 200 OK"
2025-03-02 16:24:30,365 - httpx - INFO - HTTP Request: POST https://api.telegram.org/bot8077274379:AAFawJIixuMK47T9RpxiMv0TC_FnYLA6LWI/getUpdates "HTTP/1.1 200 OK"
2025-03-02 16:24:40,545 - httpx - INFO - HTTP Request: POST https://api.telegram.org/bot8077274379:AAFawJIixuMK47T9RpxiMv0TC_FnYLA6LWI/getUpdates "HTTP/1.1 200 OK"
2025-03-02 16:24:50,706 - httpx - INFO - HTTP Request: POST https://api.telegram.org/bot8077274379:AAFawJIixuMK47T9RpxiMv0TC_FnYLA6LWI/getUpdates "HTTP/1.1 200 OK"
2025-03-02 16:25:00,876 - httpx - INFO - HTTP Request: POST https://api.telegram.org/bot8077274379:AAFawJIixuMK47T9RpxiMv0TC_FnYLA6LWI/getUpdates "HTTP/1.1 200 OK"
2025-03-02 16:25:11,102 - httpx - INFO - HTTP Request: POST https://api.telegram.org/bot8077274379:AAFawJIixuMK47T9RpxiMv0TC_FnYLA6LWI/getUpdates "HTTP/1.1 200 OK"
2025-03-02 16:25:21,333 - httpx - INFO - HTTP Request: POST https://api.telegram.org/bot8077274379:AAFawJIixuMK47T9RpxiMv0TC_FnYLA6LWI/getUpdates "HTTP/1.1 200 OK"
2025-03-02 16:25:31,501 - httpx - INFO - HTTP Request: POST https://api.telegram.org/bot8077274379:AAFawJIixuMK47T9RpxiMv0TC_FnYLA6LWI/getUpdates "HTTP/1.1 200 OK"
2025-03-02 16:25:41,718 - httpx - INFO - HTTP Request: POST https://api.telegram.org/bot8077274379:AAFawJIixuMK47T9RpxiMv0TC_FnYLA6LWI/getUpdates "HTTP/1.1 200 OK"
2025-03-02 16:25:51,909 - httpx - INFO - HTTP Request: POST https://api.telegram.org/bot8077274379:AAFawJIixuMK47T9RpxiMv0TC_FnYLA6LWI/getUpdates "HTTP/1.1 200 OK"
2025-03-02 16:26:02,195 - httpx - INFO - HTTP Request: POST https://api.telegram.org/bot8077274379:AAFawJIixuMK47T9RpxiMv0TC_FnYLA6LWI/getUpdates "HTTP/1.1 200 OK"
2025-03-02 16:26:12,364 - httpx - INFO - HTTP Request: POST https://api.telegram.org/bot8077274379:AAFawJIixuMK47T9RpxiMv0TC_FnYLA6LWI/getUpdates "HTTP/1.1 200 OK"
2025-03-02 16:26:22,590 - httpx - INFO - HTTP Request: POST https://api.telegram.org/bot8077274379:AAFawJIixuMK47T9RpxiMv0TC_FnYLA6LWI/getUpdates "HTTP/1.1 200 OK"
2025-03-02 16:26:32,847 - httpx - INFO - HTTP Request: POST https://api.telegram.org/bot8077274379:AAFawJIixuMK47T9RpxiMv0TC_FnYLA6LWI/getUpdates "HTTP/1.1 200 OK"
2025-03-02 16:26:43,034 - httpx - INFO - HTTP Request: POST https://api.telegram.org/bot8077274379:AAFawJIixuMK47T9RpxiMv0TC_FnYLA6LWI/getUpdates "HTTP/1.1 200 OK"
2025-03-02 16:26:53,299 - httpx - INFO - HTTP Request: POST https://api.telegram.org/bot8077274379:AAFawJIixuMK47T9RpxiMv0TC_FnYLA6LWI/getUpdates "HTTP/1.1 200 OK"
2025-03-02 16:27:03,547 - httpx - INFO - HTTP Request: POST https://api.telegram.org/bot8077274379:AAFawJIixuMK47T9RpxiMv0TC_FnYLA6LWI/getUpdates "HTTP/1.1 200 OK"
2025-03-02 16:27:13,780 - httpx - INFO - HTTP Request: POST https://api.telegram.org/bot8077274379:AAFawJIixuMK47T9RpxiMv0TC_FnYLA6LWI/getUpdates "HTTP/1.1 200 OK"
2025-03-02 16:27:23,949 - httpx - INFO - HTTP Request: POST https://api.telegram.org/bot8077274379:AAFawJIixuMK47T9RpxiMv0TC_FnYLA6LWI/getUpdates "HTTP/1.1 200 OK"
2025-03-02 16:27:34,203 - httpx - INFO - HTTP Request: POST https://api.telegram.org/bot8077274379:AAFawJIixuMK47T9RpxiMv0TC_FnYLA6LWI/getUpdates "HTTP/1.1 200 OK"
2025-03-02 16:27:44,396 - httpx - INFO - HTTP Request: POST https://api.telegram.org/bot8077274379:AAFawJIixuMK47T9RpxiMv0TC_FnYLA6LWI/getUpdates "HTTP/1.1 200 OK"
2025-03-02 16:27:54,631 - httpx - INFO - HTTP Request: POST https://api.telegram.org/bot8077274379:AAFawJIixuMK47T9RpxiMv0TC_FnYLA6LWI/getUpdates "HTTP/1.1 200 OK"
2025-03-02 16:28:04,873 - httpx - INFO - HTTP Request: POST https://api.telegram.org/bot8077274379:AAFawJIixuMK47T9RpxiMv0TC_FnYLA6LWI/getUpdates "HTTP/1.1 200 OK"
2025-03-02 16:28:15,036 - httpx - INFO - HTTP Request: POST https://api.telegram.org/bot8077274379:AAFawJIixuMK47T9RpxiMv0TC_FnYLA6LWI/getUpdates "HTTP/1.1 200 OK"
2025-03-02 16:28:25,273 - httpx - INFO - HTTP Request: POST https://api.telegram.org/bot8077274379:AAFawJIixuMK47T9RpxiMv0TC_FnYLA6LWI/getUpdates "HTTP/1.1 200 OK"
2025-03-02 16:28:35,499 - httpx - INFO - HTTP Request: POST https://api.telegram.org/bot8077274379:AAFawJIixuMK47T9RpxiMv0TC_FnYLA6LWI/getUpdates "HTTP/1.1 200 OK"
2025-03-02 16:28:45,728 - httpx - INFO - HTTP Request: POST https://api.telegram.org/bot8077274379:AAFawJIixuMK47T9RpxiMv0TC_FnYLA6LWI/getUpdates "HTTP/1.1 200 OK"
2025-03-02 16:28:55,977 - httpx - INFO - HTTP Request: POST https://api.telegram.org/bot8077274379:AAFawJIixuMK47T9RpxiMv0TC_FnYLA6LWI/getUpdates "HTTP/1.1 200 OK"
2025-03-02 16:29:06,212 - httpx - INFO - HTTP Request: POST https://api.telegram.org/bot8077274379:AAFawJIixuMK47T9RpxiMv0TC_FnYLA6LWI/getUpdates "HTTP/1.1 200 OK"
2025-03-02 16:29:16,469 - httpx - INFO - HTTP Request: POST https://api.telegram.org/bot8077274379:AAFawJIixuMK47T9RpxiMv0TC_FnYLA6LWI/getUpdates "HTTP/1.1 200 OK"
2025-03-02 16:29:26,795 - httpx - INFO - HTTP Request: POST https://api.telegram.org/bot8077274379:AAFawJIixuMK47T9RpxiMv0TC_FnYLA6LWI/getUpdates "HTTP/1.1 200 OK"
2025-03-02 16:29:37,008 - httpx - INFO - HTTP Request: POST https://api.telegram.org/bot8077274379:AAFawJIixuMK47T9RpxiMv0TC_FnYLA6LWI/getUpdates "HTTP/1.1 200 OK"
2025-03-02 16:29:47,168 - httpx - INFO - HTTP Request: POST https://api.telegram.org/bot8077274379:AAFawJIixuMK47T9RpxiMv0TC_FnYLA6LWI/getUpdates "HTTP/1.1 200 OK"
2025-03-02 16:29:57,418 - httpx - INFO - HTTP Request: POST https://api.telegram.org/bot8077274379:AAFawJIixuMK47T9RpxiMv0TC_FnYLA6LWI/getUpdates "HTTP/1.1 200 OK"
2025-03-02 16:30:07,656 - httpx - INFO - HTTP Request: POST https://api.telegram.org/bot8077274379:AAFawJIixuMK47T9RpxiMv0TC_FnYLA6LWI/getUpdates "HTTP/1.1 200 OK"
2025-03-02 16:30:17,892 - httpx - INFO - HTTP Request: POST https://api.telegram.org/bot8077274379:AAFawJIixuMK47T9RpxiMv0TC_FnYLA6LWI/getUpdates "HTTP/1.1 200 OK"
2025-03-02 16:30:28,135 - httpx - INFO - HTTP Request: POST https://api.telegram.org/bot8077274379:AAFawJIixuMK47T9RpxiMv0TC_FnYLA6LWI/getUpdates "HTTP/1.1 200 OK"
2025-03-02 16:30:38,377 - httpx - INFO - HTTP Request: POST https://api.telegram.org/bot8077274379:AAFawJIixuMK47T9RpxiMv0TC_FnYLA6LWI/getUpdates "HTTP/1.1 200 OK"
2025-03-02 16:30:48,630 - httpx - INFO - HTTP Request: POST https://api.telegram.org/bot8077274379:AAFawJIixuMK47T9RpxiMv0TC_FnYLA6LWI/getUpdates "HTTP/1.1 200 OK"
2025-03-02 16:30:58,804 - httpx - INFO - HTTP Request: POST https://api.telegram.org/bot8077274379:AAFawJIixuMK47T9RpxiMv0TC_FnYLA6LWI/getUpdates "HTTP/1.1 200 OK"
2025-03-02 16:31:09,089 - httpx - INFO - HTTP Request: POST https://api.telegram.org/bot8077274379:AAFawJIixuMK47T9RpxiMv0TC_FnYLA6LWI/getUpdates "HTTP/1.1 200 OK"
2025-03-02 16:31:19,349 - httpx - INFO - HTTP Request: POST https://api.telegram.org/bot8077274379:AAFawJIixuMK47T9RpxiMv0TC_FnYLA6LWI/getUpdates "HTTP/1.1 200 OK"
2025-03-02 16:31:29,572 - httpx - INFO - HTTP Request: POST https://api.telegram.org/bot8077274379:AAFawJIixuMK47T9RpxiMv0TC_FnYLA6LWI/getUpdates "HTTP/1.1 200 OK"
2025-03-02 16:31:39,810 - httpx - INFO - HTTP Request: POST https://api.telegram.org/bot8077274379:AAFawJIixuMK47T9RpxiMv0TC_FnYLA6LWI/getUpdates "HTTP/1.1 200 OK"
2025-03-02 16:31:50,150 - httpx - INFO - HTTP Request: POST https://api.telegram.org/bot8077274379:AAFawJIixuMK47T9RpxiMv0TC_FnYLA6LWI/getUpdates "HTTP/1.1 200 OK"
2025-03-02 16:32:00,372 - httpx - INFO - HTTP Request: POST https://api.telegram.org/bot8077274379:AAFawJIixuMK47T9RpxiMv0TC_FnYLA6LWI/getUpdates "HTTP/1.1 200 OK"
2025-03-02 16:32:10,541 - httpx - INFO - HTTP Request: POST https://api.telegram.org/bot8077274379:AAFawJIixuMK47T9RpxiMv0TC_FnYLA6LWI/getUpdates "HTTP/1.1 200 OK"
2025-03-02 16:32:20,871 - httpx - INFO - HTTP Request: POST https://api.telegram.org/bot8077274379:AAFawJIixuMK47T9RpxiMv0TC_FnYLA6LWI/getUpdates "HTTP/1.1 200 OK"
2025-03-02 16:32:31,122 - httpx - INFO - HTTP Request: POST https://api.telegram.org/bot8077274379:AAFawJIixuMK47T9RpxiMv0TC_FnYLA6LWI/getUpdates "HTTP/1.1 200 OK"
2025-03-02 16:32:41,352 - httpx - INFO - HTTP Request: POST https://api.telegram.org/bot8077274379:AAFawJIixuMK47T9RpxiMv0TC_FnYLA6LWI/getUpdates "HTTP/1.1 200 OK"
2025-03-02 16:32:51,596 - httpx - INFO - HTTP Request: POST https://api.telegram.org/bot8077274379:AAFawJIixuMK47T9RpxiMv0TC_FnYLA6LWI/getUpdates "HTTP/1.1 200 OK"
2025-03-02 16:33:01,841 - httpx - INFO - HTTP Request: POST https://api.telegram.org/bot8077274379:AAFawJIixuMK47T9RpxiMv0TC_FnYLA6LWI/getUpdates "HTTP/1.1 200 OK"
2025-03-02 16:33:12,075 - httpx - INFO - HTTP Request: POST https://api.telegram.org/bot8077274379:AAFawJIixuMK47T9RpxiMv0TC_FnYLA6LWI/getUpdates "HTTP/1.1 200 OK"
2025-03-02 16:33:22,233 - httpx - INFO - HTTP Request: POST https://api.telegram.org/bot8077274379:AAFawJIixuMK47T9RpxiMv0TC_FnYLA6LWI/getUpdates "HTTP/1.1 200 OK"
2025-03-02 16:33:32,497 - httpx - INFO - HTTP Request: POST https://api.telegram.org/bot8077274379:AAFawJIixuMK47T9RpxiMv0TC_FnYLA6LWI/getUpdates "HTTP/1.1 200 OK"
2025-03-02 16:33:42,696 - httpx - INFO - HTTP Request: POST https://api.telegram.org/bot8077274379:AAFawJIixuMK47T9RpxiMv0TC_FnYLA6LWI/getUpdates "HTTP/1.1 200 OK"
2025-03-02 16:33:52,934 - httpx - INFO - HTTP Request: POST https://api.telegram.org/bot8077274379:AAFawJIixuMK47T9RpxiMv0TC_FnYLA6LWI/getUpdates "HTTP/1.1 200 OK"
2025-03-02 16:34:03,105 - httpx - INFO - HTTP Request: POST https://api.telegram.org/bot8077274379:AAFawJIixuMK47T9RpxiMv0TC_FnYLA6LWI/getUpdates "HTTP/1.1 200 OK"
2025-03-02 16:34:13,275 - httpx - INFO - HTTP Request: POST https://api.telegram.org/bot8077274379:AAFawJIixuMK47T9RpxiMv0TC_FnYLA6LWI/getUpdates "HTTP/1.1 200 OK"
2025-03-02 16:34:23,548 - httpx - INFO - HTTP Request: POST https://api.telegram.org/bot8077274379:AAFawJIixuMK47T9RpxiMv0TC_FnYLA6LWI/getUpdates "HTTP/1.1 200 OK"
2025-03-02 16:34:33,793 - httpx - INFO - HTTP Request: POST https://api.telegram.org/bot8077274379:AAFawJIixuMK47T9RpxiMv0TC_FnYLA6LWI/getUpdates "HTTP/1.1 200 OK"
2025-03-02 16:34:44,045 - httpx - INFO - HTTP Request: POST https://api.telegram.org/bot8077274379:AAFawJIixuMK47T9RpxiMv0TC_FnYLA6LWI/getUpdates "HTTP/1.1 200 OK"
2025-03-02 16:34:54,277 - httpx - INFO - HTTP Request: POST https://api.telegram.org/bot8077274379:AAFawJIixuMK47T9RpxiMv0TC_FnYLA6LWI/getUpdates "HTTP/1.1 200 OK"
2025-03-02 16:35:04,438 - httpx - INFO - HTTP Request: POST https://api.telegram.org/bot8077274379:AAFawJIixuMK47T9RpxiMv0TC_FnYLA6LWI/getUpdates "HTTP/1.1 200 OK"
2025-03-02 16:35:14,847 - httpx - INFO - HTTP Request: POST https://api.telegram.org/bot8077274379:AAFawJIixuMK47T9RpxiMv0TC_FnYLA6LWI/getUpdates "HTTP/1.1 200 OK"
2025-03-02 16:35:25,295 - httpx - INFO - HTTP Request: POST https://api.telegram.org/bot8077274379:AAFawJIixuMK47T9RpxiMv0TC_FnYLA6LWI/getUpdates "HTTP/1.1 200 OK"
2025-03-02 16:36:03,224 - __main__ - INFO - 
STARTING THE BOT

2025-03-02 16:36:04,723 - httpx - INFO - HTTP Request: POST https://api.telegram.org/bot8077274379:AAFawJIixuMK47T9RpxiMv0TC_FnYLA6LWI/setMyCommands "HTTP/1.1 200 OK"
2025-03-02 16:36:04,724 - __main__ - INFO - 
BOT HAS STARTED

2025-03-02 16:36:04,725 - __main__ - INFO - 
BOT IS RUNNING

2025-03-02 16:36:04,725 - __main__ - INFO - 
WAITING FOR USER INTERACTIONS...

2025-03-02 16:36:05,046 - httpx - INFO - HTTP Request: POST https://api.telegram.org/bot8077274379:AAFawJIixuMK47T9RpxiMv0TC_FnYLA6LWI/getMe "HTTP/1.1 200 OK"
2025-03-02 16:36:05,234 - httpx - INFO - HTTP Request: POST https://api.telegram.org/bot8077274379:AAFawJIixuMK47T9RpxiMv0TC_FnYLA6LWI/deleteWebhook "HTTP/1.1 200 OK"
2025-03-02 16:36:05,235 - telegram.ext.Application - INFO - Application started
2025-03-02 16:36:08,449 - httpx - INFO - HTTP Request: POST https://api.telegram.org/bot8077274379:AAFawJIixuMK47T9RpxiMv0TC_FnYLA6LWI/getUpdates "HTTP/1.1 200 OK"
2025-03-02 16:36:08,450 - __main__ - INFO - INFO - User ERROR (ID: 2142334821) started the bot.
2025-03-02 16:36:09,024 - httpx - INFO - HTTP Request: POST https://api.telegram.org/bot8077274379:AAFawJIixuMK47T9RpxiMv0TC_FnYLA6LWI/sendMessage "HTTP/1.1 200 OK"
2025-03-02 16:36:10,558 - httpx - INFO - HTTP Request: POST https://api.telegram.org/bot8077274379:AAFawJIixuMK47T9RpxiMv0TC_FnYLA6LWI/getUpdates "HTTP/1.1 200 OK"
2025-03-02 16:36:11,072 - httpx - INFO - HTTP Request: POST https://api.telegram.org/bot8077274379:AAFawJIixuMK47T9RpxiMv0TC_FnYLA6LWI/answerCallbackQuery "HTTP/1.1 200 OK"
2025-03-02 16:36:11,591 - httpx - INFO - HTTP Request: POST https://api.telegram.org/bot8077274379:AAFawJIixuMK47T9RpxiMv0TC_FnYLA6LWI/editMessageText "HTTP/1.1 200 OK"
2025-03-02 16:36:12,099 - httpx - INFO - HTTP Request: POST https://api.telegram.org/bot8077274379:AAFawJIixuMK47T9RpxiMv0TC_FnYLA6LWI/editMessageText "HTTP/1.1 200 OK"
2025-03-02 16:36:14,864 - httpx - INFO - HTTP Request: POST https://api.telegram.org/bot8077274379:AAFawJIixuMK47T9RpxiMv0TC_FnYLA6LWI/getUpdates "HTTP/1.1 200 OK"
2025-03-02 16:36:15,390 - httpx - INFO - HTTP Request: POST https://api.telegram.org/bot8077274379:AAFawJIixuMK47T9RpxiMv0TC_FnYLA6LWI/sendMessage "HTTP/1.1 200 OK"
2025-03-02 16:36:15,575 - __main__ - ERROR - Download error: [0;31mERROR:[0m 'C:\\Users\\atikm\\Desktop\\PROJECT\\YTDOWNLOADER\\cookies_netscape.txt' does not look like a Netscape format cookies file
2025-03-02 16:36:16,090 - httpx - INFO - HTTP Request: POST https://api.telegram.org/bot8077274379:AAFawJIixuMK47T9RpxiMv0TC_FnYLA6LWI/sendMessage "HTTP/1.1 200 OK"
2025-03-02 16:36:16,612 - httpx - INFO - HTTP Request: POST https://api.telegram.org/bot8077274379:AAFawJIixuMK47T9RpxiMv0TC_FnYLA6LWI/sendMessage "HTTP/1.1 200 OK"
2025-03-02 16:36:25,097 - httpx - INFO - HTTP Request: POST https://api.telegram.org/bot8077274379:AAFawJIixuMK47T9RpxiMv0TC_FnYLA6LWI/getUpdates "HTTP/1.1 200 OK"
2025-03-02 16:36:35,342 - httpx - INFO - HTTP Request: POST https://api.telegram.org/bot8077274379:AAFawJIixuMK47T9RpxiMv0TC_FnYLA6LWI/getUpdates "HTTP/1.1 200 OK"
2025-03-02 16:36:45,615 - httpx - INFO - HTTP Request: POST https://api.telegram.org/bot8077274379:AAFawJIixuMK47T9RpxiMv0TC_FnYLA6LWI/getUpdates "HTTP/1.1 200 OK"
2025-03-02 16:36:55,822 - httpx - INFO - HTTP Request: POST https://api.telegram.org/bot8077274379:AAFawJIixuMK47T9RpxiMv0TC_FnYLA6LWI/getUpdates "HTTP/1.1 200 OK"
2025-03-02 16:37:06,063 - httpx - INFO - HTTP Request: POST https://api.telegram.org/bot8077274379:AAFawJIixuMK47T9RpxiMv0TC_FnYLA6LWI/getUpdates "HTTP/1.1 200 OK"
2025-03-02 16:37:16,336 - httpx - INFO - HTTP Request: POST https://api.telegram.org/bot8077274379:AAFawJIixuMK47T9RpxiMv0TC_FnYLA6LWI/getUpdates "HTTP/1.1 200 OK"
2025-03-02 16:37:26,587 - httpx - INFO - HTTP Request: POST https://api.telegram.org/bot8077274379:AAFawJIixuMK47T9RpxiMv0TC_FnYLA6LWI/getUpdates "HTTP/1.1 200 OK"
2025-03-02 16:37:36,736 - httpx - INFO - HTTP Request: POST https://api.telegram.org/bot8077274379:AAFawJIixuMK47T9RpxiMv0TC_FnYLA6LWI/getUpdates "HTTP/1.1 200 OK"
2025-03-02 16:37:46,923 - httpx - INFO - HTTP Request: POST https://api.telegram.org/bot8077274379:AAFawJIixuMK47T9RpxiMv0TC_FnYLA6LWI/getUpdates "HTTP/1.1 200 OK"
2025-03-02 16:37:57,167 - httpx - INFO - HTTP Request: POST https://api.telegram.org/bot8077274379:AAFawJIixuMK47T9RpxiMv0TC_FnYLA6LWI/getUpdates "HTTP/1.1 200 OK"
2025-03-02 16:38:07,304 - httpx - INFO - HTTP Request: POST https://api.telegram.org/bot8077274379:AAFawJIixuMK47T9RpxiMv0TC_FnYLA6LWI/getUpdates "HTTP/1.1 200 OK"
2025-03-02 16:38:17,437 - httpx - INFO - HTTP Request: POST https://api.telegram.org/bot8077274379:AAFawJIixuMK47T9RpxiMv0TC_FnYLA6LWI/getUpdates "HTTP/1.1 200 OK"
2025-03-02 16:38:27,575 - httpx - INFO - HTTP Request: POST https://api.telegram.org/bot8077274379:AAFawJIixuMK47T9RpxiMv0TC_FnYLA6LWI/getUpdates "HTTP/1.1 200 OK"
2025-03-02 16:38:37,719 - httpx - INFO - HTTP Request: POST https://api.telegram.org/bot8077274379:AAFawJIixuMK47T9RpxiMv0TC_FnYLA6LWI/getUpdates "HTTP/1.1 200 OK"
2025-03-02 16:38:47,945 - httpx - INFO - HTTP Request: POST https://api.telegram.org/bot8077274379:AAFawJIixuMK47T9RpxiMv0TC_FnYLA6LWI/getUpdates "HTTP/1.1 200 OK"
2025-03-02 16:38:58,132 - httpx - INFO - HTTP Request: POST https://api.telegram.org/bot8077274379:AAFawJIixuMK47T9RpxiMv0TC_FnYLA6LWI/getUpdates "HTTP/1.1 200 OK"
2025-03-02 16:39:08,326 - httpx - INFO - HTTP Request: POST https://api.telegram.org/bot8077274379:AAFawJIixuMK47T9RpxiMv0TC_FnYLA6LWI/getUpdates "HTTP/1.1 200 OK"
2025-03-02 16:39:18,469 - httpx - INFO - HTTP Request: POST https://api.telegram.org/bot8077274379:AAFawJIixuMK47T9RpxiMv0TC_FnYLA6LWI/getUpdates "HTTP/1.1 200 OK"
2025-03-02 16:39:28,604 - httpx - INFO - HTTP Request: POST https://api.telegram.org/bot8077274379:AAFawJIixuMK47T9RpxiMv0TC_FnYLA6LWI/getUpdates "HTTP/1.1 200 OK"
2025-03-02 16:39:38,736 - httpx - INFO - HTTP Request: POST https://api.telegram.org/bot8077274379:AAFawJIixuMK47T9RpxiMv0TC_FnYLA6LWI/getUpdates "HTTP/1.1 200 OK"
2025-03-02 16:39:48,872 - httpx - INFO - HTTP Request: POST https://api.telegram.org/bot8077274379:AAFawJIixuMK47T9RpxiMv0TC_FnYLA6LWI/getUpdates "HTTP/1.1 200 OK"
2025-03-02 16:39:59,010 - httpx - INFO - HTTP Request: POST https://api.telegram.org/bot8077274379:AAFawJIixuMK47T9RpxiMv0TC_FnYLA6LWI/getUpdates "HTTP/1.1 200 OK"
2025-03-02 16:40:09,152 - httpx - INFO - HTTP Request: POST https://api.telegram.org/bot8077274379:AAFawJIixuMK47T9RpxiMv0TC_FnYLA6LWI/getUpdates "HTTP/1.1 200 OK"
2025-03-02 16:40:19,494 - httpx - INFO - HTTP Request: POST https://api.telegram.org/bot8077274379:AAFawJIixuMK47T9RpxiMv0TC_FnYLA6LWI/getUpdates "HTTP/1.1 200 OK"
2025-03-02 16:40:29,635 - httpx - INFO - HTTP Request: POST https://api.telegram.org/bot8077274379:AAFawJIixuMK47T9RpxiMv0TC_FnYLA6LWI/getUpdates "HTTP/1.1 200 OK"
2025-03-02 16:40:39,873 - httpx - INFO - HTTP Request: POST https://api.telegram.org/bot8077274379:AAFawJIixuMK47T9RpxiMv0TC_FnYLA6LWI/getUpdates "HTTP/1.1 200 OK"
2025-03-02 16:40:50,015 - httpx - INFO - HTTP Request: POST https://api.telegram.org/bot8077274379:AAFawJIixuMK47T9RpxiMv0TC_FnYLA6LWI/getUpdates "HTTP/1.1 200 OK"
2025-03-02 16:41:00,317 - httpx - INFO - HTTP Request: POST https://api.telegram.org/bot8077274379:AAFawJIixuMK47T9RpxiMv0TC_FnYLA6LWI/getUpdates "HTTP/1.1 200 OK"
2025-03-02 16:41:10,493 - httpx - INFO - HTTP Request: POST https://api.telegram.org/bot8077274379:AAFawJIixuMK47T9RpxiMv0TC_FnYLA6LWI/getUpdates "HTTP/1.1 200 OK"
2025-03-02 16:41:20,622 - httpx - INFO - HTTP Request: POST https://api.telegram.org/bot8077274379:AAFawJIixuMK47T9RpxiMv0TC_FnYLA6LWI/getUpdates "HTTP/1.1 200 OK"
2025-03-02 16:41:30,761 - httpx - INFO - HTTP Request: POST https://api.telegram.org/bot8077274379:AAFawJIixuMK47T9RpxiMv0TC_FnYLA6LWI/getUpdates "HTTP/1.1 200 OK"
2025-03-02 16:41:41,003 - httpx - INFO - HTTP Request: POST https://api.telegram.org/bot8077274379:AAFawJIixuMK47T9RpxiMv0TC_FnYLA6LWI/getUpdates "HTTP/1.1 200 OK"
2025-03-02 16:41:51,135 - httpx - INFO - HTTP Request: POST https://api.telegram.org/bot8077274379:AAFawJIixuMK47T9RpxiMv0TC_FnYLA6LWI/getUpdates "HTTP/1.1 200 OK"
2025-03-02 16:42:01,379 - httpx - INFO - HTTP Request: POST https://api.telegram.org/bot8077274379:AAFawJIixuMK47T9RpxiMv0TC_FnYLA6LWI/getUpdates "HTTP/1.1 200 OK"
2025-03-02 16:42:11,662 - httpx - INFO - HTTP Request: POST https://api.telegram.org/bot8077274379:AAFawJIixuMK47T9RpxiMv0TC_FnYLA6LWI/getUpdates "HTTP/1.1 200 OK"
2025-03-02 16:42:21,816 - httpx - INFO - HTTP Request: POST https://api.telegram.org/bot8077274379:AAFawJIixuMK47T9RpxiMv0TC_FnYLA6LWI/getUpdates "HTTP/1.1 200 OK"
2025-03-02 16:43:01,147 - __main__ - INFO - 
STARTING THE BOT

2025-03-02 16:43:02,718 - httpx - INFO - HTTP Request: POST https://api.telegram.org/bot8077274379:AAFawJIixuMK47T9RpxiMv0TC_FnYLA6LWI/setMyCommands "HTTP/1.1 200 OK"
2025-03-02 16:43:02,720 - __main__ - INFO - 
BOT HAS STARTED

2025-03-02 16:43:02,720 - __main__ - INFO - 
BOT IS RUNNING

2025-03-02 16:43:02,721 - __main__ - INFO - 
WAITING FOR USER INTERACTIONS...

2025-03-02 16:43:03,232 - httpx - INFO - HTTP Request: POST https://api.telegram.org/bot8077274379:AAFawJIixuMK47T9RpxiMv0TC_FnYLA6LWI/getMe "HTTP/1.1 200 OK"
2025-03-02 16:43:03,437 - httpx - INFO - HTTP Request: POST https://api.telegram.org/bot8077274379:AAFawJIixuMK47T9RpxiMv0TC_FnYLA6LWI/deleteWebhook "HTTP/1.1 200 OK"
2025-03-02 16:43:03,441 - telegram.ext.Application - INFO - Application started
2025-03-02 16:43:05,765 - httpx - INFO - HTTP Request: POST https://api.telegram.org/bot8077274379:AAFawJIixuMK47T9RpxiMv0TC_FnYLA6LWI/getUpdates "HTTP/1.1 200 OK"
2025-03-02 16:43:05,768 - __main__ - INFO - INFO - User ERROR (ID: 2142334821) started the bot.
2025-03-02 16:43:06,199 - httpx - INFO - HTTP Request: POST https://api.telegram.org/bot8077274379:AAFawJIixuMK47T9RpxiMv0TC_FnYLA6LWI/sendMessage "HTTP/1.1 200 OK"
2025-03-02 16:43:07,429 - httpx - INFO - HTTP Request: POST https://api.telegram.org/bot8077274379:AAFawJIixuMK47T9RpxiMv0TC_FnYLA6LWI/getUpdates "HTTP/1.1 200 OK"
2025-03-02 16:43:07,846 - httpx - INFO - HTTP Request: POST https://api.telegram.org/bot8077274379:AAFawJIixuMK47T9RpxiMv0TC_FnYLA6LWI/answerCallbackQuery "HTTP/1.1 200 OK"
2025-03-02 16:43:08,260 - httpx - INFO - HTTP Request: POST https://api.telegram.org/bot8077274379:AAFawJIixuMK47T9RpxiMv0TC_FnYLA6LWI/editMessageText "HTTP/1.1 200 OK"
2025-03-02 16:43:08,662 - httpx - INFO - HTTP Request: POST https://api.telegram.org/bot8077274379:AAFawJIixuMK47T9RpxiMv0TC_FnYLA6LWI/editMessageText "HTTP/1.1 200 OK"
2025-03-02 16:43:10,935 - httpx - INFO - HTTP Request: POST https://api.telegram.org/bot8077274379:AAFawJIixuMK47T9RpxiMv0TC_FnYLA6LWI/getUpdates "HTTP/1.1 200 OK"
2025-03-02 16:43:11,524 - httpx - INFO - HTTP Request: POST https://api.telegram.org/bot8077274379:AAFawJIixuMK47T9RpxiMv0TC_FnYLA6LWI/sendMessage "HTTP/1.1 200 OK"
2025-03-02 16:43:11,771 - __main__ - ERROR - Download error: [0;31mERROR:[0m 'C:\\Users\\atikm\\Desktop\\PROJECT\\YTDOWNLOADER\\cookies_netscape.txt' does not look like a Netscape format cookies file
2025-03-02 16:43:12,258 - httpx - INFO - HTTP Request: POST https://api.telegram.org/bot8077274379:AAFawJIixuMK47T9RpxiMv0TC_FnYLA6LWI/sendMessage "HTTP/1.1 200 OK"
2025-03-02 16:43:12,759 - httpx - INFO - HTTP Request: POST https://api.telegram.org/bot8077274379:AAFawJIixuMK47T9RpxiMv0TC_FnYLA6LWI/sendMessage "HTTP/1.1 200 OK"
2025-03-02 16:43:16,646 - httpx - INFO - HTTP Request: POST https://api.telegram.org/bot8077274379:AAFawJIixuMK47T9RpxiMv0TC_FnYLA6LWI/getUpdates "HTTP/1.1 200 OK"
2025-03-02 16:43:17,077 - httpx - INFO - HTTP Request: POST https://api.telegram.org/bot8077274379:AAFawJIixuMK47T9RpxiMv0TC_FnYLA6LWI/answerCallbackQuery "HTTP/1.1 200 OK"
2025-03-02 16:43:17,567 - httpx - INFO - HTTP Request: POST https://api.telegram.org/bot8077274379:AAFawJIixuMK47T9RpxiMv0TC_FnYLA6LWI/editMessageText "HTTP/1.1 200 OK"
2025-03-02 16:43:18,488 - httpx - INFO - HTTP Request: POST https://api.telegram.org/bot8077274379:AAFawJIixuMK47T9RpxiMv0TC_FnYLA6LWI/getUpdates "HTTP/1.1 200 OK"
2025-03-02 16:43:19,011 - httpx - INFO - HTTP Request: POST https://api.telegram.org/bot8077274379:AAFawJIixuMK47T9RpxiMv0TC_FnYLA6LWI/answerCallbackQuery "HTTP/1.1 200 OK"
2025-03-02 16:43:19,518 - httpx - INFO - HTTP Request: POST https://api.telegram.org/bot8077274379:AAFawJIixuMK47T9RpxiMv0TC_FnYLA6LWI/editMessageText "HTTP/1.1 200 OK"
2025-03-02 16:43:20,027 - httpx - INFO - HTTP Request: POST https://api.telegram.org/bot8077274379:AAFawJIixuMK47T9RpxiMv0TC_FnYLA6LWI/editMessageText "HTTP/1.1 200 OK"
2025-03-02 16:43:21,263 - httpx - INFO - HTTP Request: POST https://api.telegram.org/bot8077274379:AAFawJIixuMK47T9RpxiMv0TC_FnYLA6LWI/getUpdates "HTTP/1.1 200 OK"
2025-03-02 16:43:21,769 - httpx - INFO - HTTP Request: POST https://api.telegram.org/bot8077274379:AAFawJIixuMK47T9RpxiMv0TC_FnYLA6LWI/sendMessage "HTTP/1.1 200 OK"
2025-03-02 16:43:21,867 - __main__ - ERROR - Download error: [0;31mERROR:[0m 'C:\\Users\\atikm\\Desktop\\PROJECT\\YTDOWNLOADER\\cookies_netscape.txt' does not look like a Netscape format cookies file
2025-03-02 16:43:22,392 - httpx - INFO - HTTP Request: POST https://api.telegram.org/bot8077274379:AAFawJIixuMK47T9RpxiMv0TC_FnYLA6LWI/sendMessage "HTTP/1.1 200 OK"
2025-03-02 16:43:22,895 - httpx - INFO - HTTP Request: POST https://api.telegram.org/bot8077274379:AAFawJIixuMK47T9RpxiMv0TC_FnYLA6LWI/sendMessage "HTTP/1.1 200 OK"
2025-03-02 16:43:31,499 - httpx - INFO - HTTP Request: POST https://api.telegram.org/bot8077274379:AAFawJIixuMK47T9RpxiMv0TC_FnYLA6LWI/getUpdates "HTTP/1.1 200 OK"
2025-03-02 16:43:41,635 - httpx - INFO - HTTP Request: POST https://api.telegram.org/bot8077274379:AAFawJIixuMK47T9RpxiMv0TC_FnYLA6LWI/getUpdates "HTTP/1.1 200 OK"
2025-03-02 16:43:51,776 - httpx - INFO - HTTP Request: POST https://api.telegram.org/bot8077274379:AAFawJIixuMK47T9RpxiMv0TC_FnYLA6LWI/getUpdates "HTTP/1.1 200 OK"
2025-03-02 16:44:01,948 - httpx - INFO - HTTP Request: POST https://api.telegram.org/bot8077274379:AAFawJIixuMK47T9RpxiMv0TC_FnYLA6LWI/getUpdates "HTTP/1.1 200 OK"
2025-03-02 16:44:12,149 - httpx - INFO - HTTP Request: POST https://api.telegram.org/bot8077274379:AAFawJIixuMK47T9RpxiMv0TC_FnYLA6LWI/getUpdates "HTTP/1.1 200 OK"
2025-03-02 16:44:22,403 - httpx - INFO - HTTP Request: POST https://api.telegram.org/bot8077274379:AAFawJIixuMK47T9RpxiMv0TC_FnYLA6LWI/getUpdates "HTTP/1.1 200 OK"
2025-03-02 16:44:32,669 - httpx - INFO - HTTP Request: POST https://api.telegram.org/bot8077274379:AAFawJIixuMK47T9RpxiMv0TC_FnYLA6LWI/getUpdates "HTTP/1.1 200 OK"
2025-03-02 16:44:42,865 - httpx - INFO - HTTP Request: POST https://api.telegram.org/bot8077274379:AAFawJIixuMK47T9RpxiMv0TC_FnYLA6LWI/getUpdates "HTTP/1.1 200 OK"
2025-03-02 16:44:53,116 - httpx - INFO - HTTP Request: POST https://api.telegram.org/bot8077274379:AAFawJIixuMK47T9RpxiMv0TC_FnYLA6LWI/getUpdates "HTTP/1.1 200 OK"
2025-03-02 16:45:03,649 - httpx - INFO - HTTP Request: POST https://api.telegram.org/bot8077274379:AAFawJIixuMK47T9RpxiMv0TC_FnYLA6LWI/getUpdates "HTTP/1.1 200 OK"
2025-03-02 16:45:13,783 - httpx - INFO - HTTP Request: POST https://api.telegram.org/bot8077274379:AAFawJIixuMK47T9RpxiMv0TC_FnYLA6LWI/getUpdates "HTTP/1.1 200 OK"
2025-03-02 16:45:23,960 - httpx - INFO - HTTP Request: POST https://api.telegram.org/bot8077274379:AAFawJIixuMK47T9RpxiMv0TC_FnYLA6LWI/getUpdates "HTTP/1.1 200 OK"
2025-03-02 16:45:34,171 - httpx - INFO - HTTP Request: POST https://api.telegram.org/bot8077274379:AAFawJIixuMK47T9RpxiMv0TC_FnYLA6LWI/getUpdates "HTTP/1.1 200 OK"
2025-03-02 16:45:44,312 - httpx - INFO - HTTP Request: POST https://api.telegram.org/bot8077274379:AAFawJIixuMK47T9RpxiMv0TC_FnYLA6LWI/getUpdates "HTTP/1.1 200 OK"
2025-03-02 16:45:54,455 - httpx - INFO - HTTP Request: POST https://api.telegram.org/bot8077274379:AAFawJIixuMK47T9RpxiMv0TC_FnYLA6LWI/getUpdates "HTTP/1.1 200 OK"
2025-03-02 16:46:04,606 - httpx - INFO - HTTP Request: POST https://api.telegram.org/bot8077274379:AAFawJIixuMK47T9RpxiMv0TC_FnYLA6LWI/getUpdates "HTTP/1.1 200 OK"
2025-03-02 16:46:14,750 - httpx - INFO - HTTP Request: POST https://api.telegram.org/bot8077274379:AAFawJIixuMK47T9RpxiMv0TC_FnYLA6LWI/getUpdates "HTTP/1.1 200 OK"
2025-03-02 16:46:24,961 - httpx - INFO - HTTP Request: POST https://api.telegram.org/bot8077274379:AAFawJIixuMK47T9RpxiMv0TC_FnYLA6LWI/getUpdates "HTTP/1.1 200 OK"
2025-03-02 16:46:35,121 - httpx - INFO - HTTP Request: POST https://api.telegram.org/bot8077274379:AAFawJIixuMK47T9RpxiMv0TC_FnYLA6LWI/getUpdates "HTTP/1.1 200 OK"
2025-03-02 16:46:45,332 - httpx - INFO - HTTP Request: POST https://api.telegram.org/bot8077274379:AAFawJIixuMK47T9RpxiMv0TC_FnYLA6LWI/getUpdates "HTTP/1.1 200 OK"
2025-03-02 16:46:55,474 - httpx - INFO - HTTP Request: POST https://api.telegram.org/bot8077274379:AAFawJIixuMK47T9RpxiMv0TC_FnYLA6LWI/getUpdates "HTTP/1.1 200 OK"
2025-03-02 16:47:05,713 - httpx - INFO - HTTP Request: POST https://api.telegram.org/bot8077274379:AAFawJIixuMK47T9RpxiMv0TC_FnYLA6LWI/getUpdates "HTTP/1.1 200 OK"
2025-03-02 16:47:15,851 - httpx - INFO - HTTP Request: POST https://api.telegram.org/bot8077274379:AAFawJIixuMK47T9RpxiMv0TC_FnYLA6LWI/getUpdates "HTTP/1.1 200 OK"
2025-03-02 16:47:26,117 - httpx - INFO - HTTP Request: POST https://api.telegram.org/bot8077274379:AAFawJIixuMK47T9RpxiMv0TC_FnYLA6LWI/getUpdates "HTTP/1.1 200 OK"
2025-03-02 16:47:36,352 - httpx - INFO - HTTP Request: POST https://api.telegram.org/bot8077274379:AAFawJIixuMK47T9RpxiMv0TC_FnYLA6LWI/getUpdates "HTTP/1.1 200 OK"
2025-03-02 16:47:46,578 - httpx - INFO - HTTP Request: POST https://api.telegram.org/bot8077274379:AAFawJIixuMK47T9RpxiMv0TC_FnYLA6LWI/getUpdates "HTTP/1.1 200 OK"
2025-03-02 16:47:56,721 - httpx - INFO - HTTP Request: POST https://api.telegram.org/bot8077274379:AAFawJIixuMK47T9RpxiMv0TC_FnYLA6LWI/getUpdates "HTTP/1.1 200 OK"
2025-03-02 16:48:06,856 - httpx - INFO - HTTP Request: POST https://api.telegram.org/bot8077274379:AAFawJIixuMK47T9RpxiMv0TC_FnYLA6LWI/getUpdates "HTTP/1.1 200 OK"
2025-03-02 16:48:17,093 - httpx - INFO - HTTP Request: POST https://api.telegram.org/bot8077274379:AAFawJIixuMK47T9RpxiMv0TC_FnYLA6LWI/getUpdates "HTTP/1.1 200 OK"
2025-03-02 16:48:27,242 - httpx - INFO - HTTP Request: POST https://api.telegram.org/bot8077274379:AAFawJIixuMK47T9RpxiMv0TC_FnYLA6LWI/getUpdates "HTTP/1.1 200 OK"
2025-03-02 16:48:37,535 - httpx - INFO - HTTP Request: POST https://api.telegram.org/bot8077274379:AAFawJIixuMK47T9RpxiMv0TC_FnYLA6LWI/getUpdates "HTTP/1.1 200 OK"
2025-03-02 16:48:47,718 - httpx - INFO - HTTP Request: POST https://api.telegram.org/bot8077274379:AAFawJIixuMK47T9RpxiMv0TC_FnYLA6LWI/getUpdates "HTTP/1.1 200 OK"
2025-03-02 16:48:57,953 - httpx - INFO - HTTP Request: POST https://api.telegram.org/bot8077274379:AAFawJIixuMK47T9RpxiMv0TC_FnYLA6LWI/getUpdates "HTTP/1.1 200 OK"
2025-03-02 16:49:38,623 - __main__ - INFO - 
STARTING THE BOT

2025-03-02 16:49:40,441 - httpx - INFO - HTTP Request: POST https://api.telegram.org/bot8077274379:AAFawJIixuMK47T9RpxiMv0TC_FnYLA6LWI/setMyCommands "HTTP/1.1 200 OK"
2025-03-02 16:49:40,443 - __main__ - INFO - 
BOT HAS STARTED

2025-03-02 16:49:40,443 - __main__ - INFO - 
BOT IS RUNNING

2025-03-02 16:49:40,443 - __main__ - INFO - 
WAITING FOR USER INTERACTIONS...

2025-03-02 16:49:40,952 - httpx - INFO - HTTP Request: POST https://api.telegram.org/bot8077274379:AAFawJIixuMK47T9RpxiMv0TC_FnYLA6LWI/getMe "HTTP/1.1 200 OK"
2025-03-02 16:49:41,165 - httpx - INFO - HTTP Request: POST https://api.telegram.org/bot8077274379:AAFawJIixuMK47T9RpxiMv0TC_FnYLA6LWI/deleteWebhook "HTTP/1.1 200 OK"
2025-03-02 16:49:41,167 - telegram.ext.Application - INFO - Application started
2025-03-02 16:49:51,724 - httpx - INFO - HTTP Request: POST https://api.telegram.org/bot8077274379:AAFawJIixuMK47T9RpxiMv0TC_FnYLA6LWI/getUpdates "HTTP/1.1 200 OK"
2025-03-02 16:50:02,053 - httpx - INFO - HTTP Request: POST https://api.telegram.org/bot8077274379:AAFawJIixuMK47T9RpxiMv0TC_FnYLA6LWI/getUpdates "HTTP/1.1 200 OK"
2025-03-02 16:50:09,731 - httpx - INFO - HTTP Request: POST https://api.telegram.org/bot8077274379:AAFawJIixuMK47T9RpxiMv0TC_FnYLA6LWI/getUpdates "HTTP/1.1 200 OK"
2025-03-02 16:50:09,733 - __main__ - INFO - INFO - User ERROR (ID: 2142334821) started the bot.
2025-03-02 16:50:10,648 - httpx - INFO - HTTP Request: POST https://api.telegram.org/bot8077274379:AAFawJIixuMK47T9RpxiMv0TC_FnYLA6LWI/sendMessage "HTTP/1.1 200 OK"
2025-03-02 16:50:11,435 - httpx - INFO - HTTP Request: POST https://api.telegram.org/bot8077274379:AAFawJIixuMK47T9RpxiMv0TC_FnYLA6LWI/getUpdates "HTTP/1.1 200 OK"
2025-03-02 16:50:11,839 - httpx - INFO - HTTP Request: POST https://api.telegram.org/bot8077274379:AAFawJIixuMK47T9RpxiMv0TC_FnYLA6LWI/answerCallbackQuery "HTTP/1.1 200 OK"
2025-03-02 16:50:12,275 - httpx - INFO - HTTP Request: POST https://api.telegram.org/bot8077274379:AAFawJIixuMK47T9RpxiMv0TC_FnYLA6LWI/editMessageText "HTTP/1.1 200 OK"
2025-03-02 16:50:12,697 - httpx - INFO - HTTP Request: POST https://api.telegram.org/bot8077274379:AAFawJIixuMK47T9RpxiMv0TC_FnYLA6LWI/editMessageText "HTTP/1.1 200 OK"
2025-03-02 16:50:14,826 - httpx - INFO - HTTP Request: POST https://api.telegram.org/bot8077274379:AAFawJIixuMK47T9RpxiMv0TC_FnYLA6LWI/getUpdates "HTTP/1.1 200 OK"
2025-03-02 16:50:15,340 - httpx - INFO - HTTP Request: POST https://api.telegram.org/bot8077274379:AAFawJIixuMK47T9RpxiMv0TC_FnYLA6LWI/sendMessage "HTTP/1.1 200 OK"
2025-03-02 16:50:15,558 - __main__ - ERROR - Download error: [0;31mERROR:[0m 'C:\\Users\\atikm\\Desktop\\PROJECT\\YTDOWNLOADER\\cookies_netscape.txt' does not look like a Netscape format cookies file
2025-03-02 16:50:15,974 - httpx - INFO - HTTP Request: POST https://api.telegram.org/bot8077274379:AAFawJIixuMK47T9RpxiMv0TC_FnYLA6LWI/sendMessage "HTTP/1.1 200 OK"
2025-03-02 16:50:16,410 - httpx - INFO - HTTP Request: POST https://api.telegram.org/bot8077274379:AAFawJIixuMK47T9RpxiMv0TC_FnYLA6LWI/sendMessage "HTTP/1.1 200 OK"
2025-03-02 16:50:24,996 - httpx - INFO - HTTP Request: POST https://api.telegram.org/bot8077274379:AAFawJIixuMK47T9RpxiMv0TC_FnYLA6LWI/getUpdates "HTTP/1.1 200 OK"
2025-03-02 16:50:35,205 - httpx - INFO - HTTP Request: POST https://api.telegram.org/bot8077274379:AAFawJIixuMK47T9RpxiMv0TC_FnYLA6LWI/getUpdates "HTTP/1.1 200 OK"
2025-03-02 16:50:45,473 - httpx - INFO - HTTP Request: POST https://api.telegram.org/bot8077274379:AAFawJIixuMK47T9RpxiMv0TC_FnYLA6LWI/getUpdates "HTTP/1.1 200 OK"
2025-03-02 16:50:55,725 - httpx - INFO - HTTP Request: POST https://api.telegram.org/bot8077274379:AAFawJIixuMK47T9RpxiMv0TC_FnYLA6LWI/getUpdates "HTTP/1.1 200 OK"
2025-03-02 16:51:05,946 - httpx - INFO - HTTP Request: POST https://api.telegram.org/bot8077274379:AAFawJIixuMK47T9RpxiMv0TC_FnYLA6LWI/getUpdates "HTTP/1.1 200 OK"
2025-03-02 16:51:16,104 - httpx - INFO - HTTP Request: POST https://api.telegram.org/bot8077274379:AAFawJIixuMK47T9RpxiMv0TC_FnYLA6LWI/getUpdates "HTTP/1.1 200 OK"
2025-03-02 16:51:26,255 - httpx - INFO - HTTP Request: POST https://api.telegram.org/bot8077274379:AAFawJIixuMK47T9RpxiMv0TC_FnYLA6LWI/getUpdates "HTTP/1.1 200 OK"
2025-03-02 16:51:36,565 - httpx - INFO - HTTP Request: POST https://api.telegram.org/bot8077274379:AAFawJIixuMK47T9RpxiMv0TC_FnYLA6LWI/getUpdates "HTTP/1.1 200 OK"
2025-03-02 16:51:46,718 - httpx - INFO - HTTP Request: POST https://api.telegram.org/bot8077274379:AAFawJIixuMK47T9RpxiMv0TC_FnYLA6LWI/getUpdates "HTTP/1.1 200 OK"
2025-03-02 16:51:56,946 - httpx - INFO - HTTP Request: POST https://api.telegram.org/bot8077274379:AAFawJIixuMK47T9RpxiMv0TC_FnYLA6LWI/getUpdates "HTTP/1.1 200 OK"
2025-03-02 16:52:07,183 - httpx - INFO - HTTP Request: POST https://api.telegram.org/bot8077274379:AAFawJIixuMK47T9RpxiMv0TC_FnYLA6LWI/getUpdates "HTTP/1.1 200 OK"
2025-03-02 16:52:17,333 - httpx - INFO - HTTP Request: POST https://api.telegram.org/bot8077274379:AAFawJIixuMK47T9RpxiMv0TC_FnYLA6LWI/getUpdates "HTTP/1.1 200 OK"
2025-03-02 16:52:27,563 - httpx - INFO - HTTP Request: POST https://api.telegram.org/bot8077274379:AAFawJIixuMK47T9RpxiMv0TC_FnYLA6LWI/getUpdates "HTTP/1.1 200 OK"
2025-03-02 16:52:37,726 - httpx - INFO - HTTP Request: POST https://api.telegram.org/bot8077274379:AAFawJIixuMK47T9RpxiMv0TC_FnYLA6LWI/getUpdates "HTTP/1.1 200 OK"
2025-03-02 16:52:47,942 - httpx - INFO - HTTP Request: POST https://api.telegram.org/bot8077274379:AAFawJIixuMK47T9RpxiMv0TC_FnYLA6LWI/getUpdates "HTTP/1.1 200 OK"
2025-03-02 16:52:58,096 - httpx - INFO - HTTP Request: POST https://api.telegram.org/bot8077274379:AAFawJIixuMK47T9RpxiMv0TC_FnYLA6LWI/getUpdates "HTTP/1.1 200 OK"
2025-03-02 16:53:08,314 - httpx - INFO - HTTP Request: POST https://api.telegram.org/bot8077274379:AAFawJIixuMK47T9RpxiMv0TC_FnYLA6LWI/getUpdates "HTTP/1.1 200 OK"
2025-03-02 16:53:18,784 - httpx - INFO - HTTP Request: POST https://api.telegram.org/bot8077274379:AAFawJIixuMK47T9RpxiMv0TC_FnYLA6LWI/getUpdates "HTTP/1.1 200 OK"
2025-03-02 16:53:28,938 - httpx - INFO - HTTP Request: POST https://api.telegram.org/bot8077274379:AAFawJIixuMK47T9RpxiMv0TC_FnYLA6LWI/getUpdates "HTTP/1.1 200 OK"
2025-03-02 16:53:39,138 - httpx - INFO - HTTP Request: POST https://api.telegram.org/bot8077274379:AAFawJIixuMK47T9RpxiMv0TC_FnYLA6LWI/getUpdates "HTTP/1.1 200 OK"
2025-03-02 16:53:49,309 - httpx - INFO - HTTP Request: POST https://api.telegram.org/bot8077274379:AAFawJIixuMK47T9RpxiMv0TC_FnYLA6LWI/getUpdates "HTTP/1.1 200 OK"
2025-03-02 16:53:59,481 - httpx - INFO - HTTP Request: POST https://api.telegram.org/bot8077274379:AAFawJIixuMK47T9RpxiMv0TC_FnYLA6LWI/getUpdates "HTTP/1.1 200 OK"
2025-03-02 16:54:09,662 - httpx - INFO - HTTP Request: POST https://api.telegram.org/bot8077274379:AAFawJIixuMK47T9RpxiMv0TC_FnYLA6LWI/getUpdates "HTTP/1.1 200 OK"
2025-03-02 16:54:19,893 - httpx - INFO - HTTP Request: POST https://api.telegram.org/bot8077274379:AAFawJIixuMK47T9RpxiMv0TC_FnYLA6LWI/getUpdates "HTTP/1.1 200 OK"
2025-03-02 16:54:30,146 - httpx - INFO - HTTP Request: POST https://api.telegram.org/bot8077274379:AAFawJIixuMK47T9RpxiMv0TC_FnYLA6LWI/getUpdates "HTTP/1.1 200 OK"
2025-03-02 16:54:40,372 - httpx - INFO - HTTP Request: POST https://api.telegram.org/bot8077274379:AAFawJIixuMK47T9RpxiMv0TC_FnYLA6LWI/getUpdates "HTTP/1.1 200 OK"
2025-03-02 16:54:50,621 - httpx - INFO - HTTP Request: POST https://api.telegram.org/bot8077274379:AAFawJIixuMK47T9RpxiMv0TC_FnYLA6LWI/getUpdates "HTTP/1.1 200 OK"
2025-03-02 16:55:00,851 - httpx - INFO - HTTP Request: POST https://api.telegram.org/bot8077274379:AAFawJIixuMK47T9RpxiMv0TC_FnYLA6LWI/getUpdates "HTTP/1.1 200 OK"
2025-03-02 16:55:11,012 - httpx - INFO - HTTP Request: POST https://api.telegram.org/bot8077274379:AAFawJIixuMK47T9RpxiMv0TC_FnYLA6LWI/getUpdates "HTTP/1.1 200 OK"
2025-03-02 16:55:21,236 - httpx - INFO - HTTP Request: POST https://api.telegram.org/bot8077274379:AAFawJIixuMK47T9RpxiMv0TC_FnYLA6LWI/getUpdates "HTTP/1.1 200 OK"
2025-03-02 16:55:31,474 - httpx - INFO - HTTP Request: POST https://api.telegram.org/bot8077274379:AAFawJIixuMK47T9RpxiMv0TC_FnYLA6LWI/getUpdates "HTTP/1.1 200 OK"
2025-03-02 16:55:41,715 - httpx - INFO - HTTP Request: POST https://api.telegram.org/bot8077274379:AAFawJIixuMK47T9RpxiMv0TC_FnYLA6LWI/getUpdates "HTTP/1.1 200 OK"
2025-03-02 16:55:51,882 - httpx - INFO - HTTP Request: POST https://api.telegram.org/bot8077274379:AAFawJIixuMK47T9RpxiMv0TC_FnYLA6LWI/getUpdates "HTTP/1.1 200 OK"
2025-03-02 16:56:02,103 - httpx - INFO - HTTP Request: POST https://api.telegram.org/bot8077274379:AAFawJIixuMK47T9RpxiMv0TC_FnYLA6LWI/getUpdates "HTTP/1.1 200 OK"
2025-03-02 16:56:12,298 - httpx - INFO - HTTP Request: POST https://api.telegram.org/bot8077274379:AAFawJIixuMK47T9RpxiMv0TC_FnYLA6LWI/getUpdates "HTTP/1.1 200 OK"
2025-03-02 16:56:22,581 - httpx - INFO - HTTP Request: POST https://api.telegram.org/bot8077274379:AAFawJIixuMK47T9RpxiMv0TC_FnYLA6LWI/getUpdates "HTTP/1.1 200 OK"
2025-03-02 16:56:32,809 - httpx - INFO - HTTP Request: POST https://api.telegram.org/bot8077274379:AAFawJIixuMK47T9RpxiMv0TC_FnYLA6LWI/getUpdates "HTTP/1.1 200 OK"
2025-03-02 16:56:43,060 - httpx - INFO - HTTP Request: POST https://api.telegram.org/bot8077274379:AAFawJIixuMK47T9RpxiMv0TC_FnYLA6LWI/getUpdates "HTTP/1.1 200 OK"
2025-03-02 16:56:53,298 - httpx - INFO - HTTP Request: POST https://api.telegram.org/bot8077274379:AAFawJIixuMK47T9RpxiMv0TC_FnYLA6LWI/getUpdates "HTTP/1.1 200 OK"
2025-03-02 16:57:03,528 - httpx - INFO - HTTP Request: POST https://api.telegram.org/bot8077274379:AAFawJIixuMK47T9RpxiMv0TC_FnYLA6LWI/getUpdates "HTTP/1.1 200 OK"
2025-03-02 16:57:13,774 - httpx - INFO - HTTP Request: POST https://api.telegram.org/bot8077274379:AAFawJIixuMK47T9RpxiMv0TC_FnYLA6LWI/getUpdates "HTTP/1.1 200 OK"
2025-03-02 16:57:23,925 - httpx - INFO - HTTP Request: POST https://api.telegram.org/bot8077274379:AAFawJIixuMK47T9RpxiMv0TC_FnYLA6LWI/getUpdates "HTTP/1.1 200 OK"
2025-03-02 16:57:34,244 - httpx - INFO - HTTP Request: POST https://api.telegram.org/bot8077274379:AAFawJIixuMK47T9RpxiMv0TC_FnYLA6LWI/getUpdates "HTTP/1.1 200 OK"
2025-03-02 16:57:44,492 - httpx - INFO - HTTP Request: POST https://api.telegram.org/bot8077274379:AAFawJIixuMK47T9RpxiMv0TC_FnYLA6LWI/getUpdates "HTTP/1.1 200 OK"
2025-03-02 16:57:54,652 - httpx - INFO - HTTP Request: POST https://api.telegram.org/bot8077274379:AAFawJIixuMK47T9RpxiMv0TC_FnYLA6LWI/getUpdates "HTTP/1.1 200 OK"
2025-03-02 16:58:04,816 - httpx - INFO - HTTP Request: POST https://api.telegram.org/bot8077274379:AAFawJIixuMK47T9RpxiMv0TC_FnYLA6LWI/getUpdates "HTTP/1.1 200 OK"
2025-03-02 17:08:43,173 - __main__ - INFO - 
STARTING THE BOT

2025-03-02 17:08:44,866 - httpx - INFO - HTTP Request: POST https://api.telegram.org/bot8077274379:AAFawJIixuMK47T9RpxiMv0TC_FnYLA6LWI/setMyCommands "HTTP/1.1 200 OK"
2025-03-02 17:08:44,868 - __main__ - INFO - 
BOT HAS STARTED

2025-03-02 17:08:44,868 - __main__ - INFO - 
BOT IS RUNNING

2025-03-02 17:08:44,868 - __main__ - INFO - 
WAITING FOR USER INTERACTIONS...

2025-03-02 17:08:45,386 - httpx - INFO - HTTP Request: POST https://api.telegram.org/bot8077274379:AAFawJIixuMK47T9RpxiMv0TC_FnYLA6LWI/getMe "HTTP/1.1 200 OK"
2025-03-02 17:08:45,598 - httpx - INFO - HTTP Request: POST https://api.telegram.org/bot8077274379:AAFawJIixuMK47T9RpxiMv0TC_FnYLA6LWI/deleteWebhook "HTTP/1.1 200 OK"
2025-03-02 17:08:45,599 - telegram.ext.Application - INFO - Application started
2025-03-02 17:08:49,586 - httpx - INFO - HTTP Request: POST https://api.telegram.org/bot8077274379:AAFawJIixuMK47T9RpxiMv0TC_FnYLA6LWI/getUpdates "HTTP/1.1 200 OK"
2025-03-02 17:08:49,588 - __main__ - INFO - INFO - User ERROR (ID: 2142334821) started the bot.
2025-03-02 17:08:50,202 - httpx - INFO - HTTP Request: POST https://api.telegram.org/bot8077274379:AAFawJIixuMK47T9RpxiMv0TC_FnYLA6LWI/sendMessage "HTTP/1.1 200 OK"
2025-03-02 17:08:51,729 - httpx - INFO - HTTP Request: POST https://api.telegram.org/bot8077274379:AAFawJIixuMK47T9RpxiMv0TC_FnYLA6LWI/getUpdates "HTTP/1.1 200 OK"
2025-03-02 17:08:52,241 - httpx - INFO - HTTP Request: POST https://api.telegram.org/bot8077274379:AAFawJIixuMK47T9RpxiMv0TC_FnYLA6LWI/answerCallbackQuery "HTTP/1.1 200 OK"
2025-03-02 17:08:52,752 - httpx - INFO - HTTP Request: POST https://api.telegram.org/bot8077274379:AAFawJIixuMK47T9RpxiMv0TC_FnYLA6LWI/editMessageText "HTTP/1.1 200 OK"
2025-03-02 17:08:53,263 - httpx - INFO - HTTP Request: POST https://api.telegram.org/bot8077274379:AAFawJIixuMK47T9RpxiMv0TC_FnYLA6LWI/editMessageText "HTTP/1.1 200 OK"
2025-03-02 17:08:56,757 - httpx - INFO - HTTP Request: POST https://api.telegram.org/bot8077274379:AAFawJIixuMK47T9RpxiMv0TC_FnYLA6LWI/getUpdates "HTTP/1.1 200 OK"
2025-03-02 17:08:57,270 - httpx - INFO - HTTP Request: POST https://api.telegram.org/bot8077274379:AAFawJIixuMK47T9RpxiMv0TC_FnYLA6LWI/sendMessage "HTTP/1.1 200 OK"
2025-03-02 17:08:57,284 - __main__ - ERROR - Invalid cookies file format: [

2025-03-02 17:08:57,285 - __main__ - WARNING - Proceeding without cookies.
2025-03-02 17:09:06,938 - httpx - INFO - HTTP Request: POST https://api.telegram.org/bot8077274379:AAFawJIixuMK47T9RpxiMv0TC_FnYLA6LWI/getUpdates "HTTP/1.1 200 OK"
2025-03-02 17:09:08,425 - httpx - INFO - HTTP Request: POST https://api.telegram.org/bot8077274379:AAFawJIixuMK47T9RpxiMv0TC_FnYLA6LWI/sendDocument "HTTP/1.1 200 OK"
2025-03-02 17:09:08,930 - httpx - INFO - HTTP Request: POST https://api.telegram.org/bot8077274379:AAFawJIixuMK47T9RpxiMv0TC_FnYLA6LWI/sendMessage "HTTP/1.1 200 OK"
2025-03-02 17:09:17,124 - httpx - INFO - HTTP Request: POST https://api.telegram.org/bot8077274379:AAFawJIixuMK47T9RpxiMv0TC_FnYLA6LWI/getUpdates "HTTP/1.1 200 OK"
2025-03-02 17:09:24,868 - httpx - INFO - HTTP Request: POST https://api.telegram.org/bot8077274379:AAFawJIixuMK47T9RpxiMv0TC_FnYLA6LWI/getUpdates "HTTP/1.1 200 OK"
2025-03-02 17:09:25,842 - httpx - INFO - HTTP Request: POST https://api.telegram.org/bot8077274379:AAFawJIixuMK47T9RpxiMv0TC_FnYLA6LWI/answerCallbackQuery "HTTP/1.1 200 OK"
2025-03-02 17:09:26,521 - httpx - INFO - HTTP Request: POST https://api.telegram.org/bot8077274379:AAFawJIixuMK47T9RpxiMv0TC_FnYLA6LWI/editMessageText "HTTP/1.1 200 OK"
2025-03-02 17:09:27,723 - httpx - INFO - HTTP Request: POST https://api.telegram.org/bot8077274379:AAFawJIixuMK47T9RpxiMv0TC_FnYLA6LWI/getUpdates "HTTP/1.1 200 OK"
2025-03-02 17:09:28,132 - httpx - INFO - HTTP Request: POST https://api.telegram.org/bot8077274379:AAFawJIixuMK47T9RpxiMv0TC_FnYLA6LWI/answerCallbackQuery "HTTP/1.1 200 OK"
2025-03-02 17:09:28,594 - httpx - INFO - HTTP Request: POST https://api.telegram.org/bot8077274379:AAFawJIixuMK47T9RpxiMv0TC_FnYLA6LWI/editMessageText "HTTP/1.1 200 OK"
2025-03-02 17:09:29,113 - httpx - INFO - HTTP Request: POST https://api.telegram.org/bot8077274379:AAFawJIixuMK47T9RpxiMv0TC_FnYLA6LWI/editMessageText "HTTP/1.1 200 OK"
2025-03-02 17:09:33,097 - httpx - INFO - HTTP Request: POST https://api.telegram.org/bot8077274379:AAFawJIixuMK47T9RpxiMv0TC_FnYLA6LWI/getUpdates "HTTP/1.1 200 OK"
2025-03-02 17:09:33,612 - httpx - INFO - HTTP Request: POST https://api.telegram.org/bot8077274379:AAFawJIixuMK47T9RpxiMv0TC_FnYLA6LWI/sendMessage "HTTP/1.1 200 OK"
2025-03-02 17:09:33,616 - __main__ - ERROR - Invalid cookies file format: [

2025-03-02 17:09:33,616 - __main__ - WARNING - Proceeding without cookies.
2025-03-02 17:09:44,911 - httpx - INFO - HTTP Request: POST https://api.telegram.org/bot8077274379:AAFawJIixuMK47T9RpxiMv0TC_FnYLA6LWI/getUpdates "HTTP/1.1 200 OK"
2025-03-02 17:09:52,740 - httpx - INFO - HTTP Request: POST https://api.telegram.org/bot8077274379:AAFawJIixuMK47T9RpxiMv0TC_FnYLA6LWI/sendDocument "HTTP/1.1 200 OK"
2025-03-02 17:09:53,535 - httpx - INFO - HTTP Request: POST https://api.telegram.org/bot8077274379:AAFawJIixuMK47T9RpxiMv0TC_FnYLA6LWI/sendMessage "HTTP/1.1 200 OK"
2025-03-02 17:09:55,118 - httpx - INFO - HTTP Request: POST https://api.telegram.org/bot8077274379:AAFawJIixuMK47T9RpxiMv0TC_FnYLA6LWI/getUpdates "HTTP/1.1 200 OK"
2025-03-02 17:10:05,276 - httpx - INFO - HTTP Request: POST https://api.telegram.org/bot8077274379:AAFawJIixuMK47T9RpxiMv0TC_FnYLA6LWI/getUpdates "HTTP/1.1 200 OK"
2025-03-02 17:10:06,379 - httpx - INFO - HTTP Request: POST https://api.telegram.org/bot8077274379:AAFawJIixuMK47T9RpxiMv0TC_FnYLA6LWI/getUpdates "HTTP/1.1 200 OK"
2025-03-02 17:10:06,591 - httpx - INFO - HTTP Request: POST https://api.telegram.org/bot8077274379:AAFawJIixuMK47T9RpxiMv0TC_FnYLA6LWI/getUpdates "HTTP/1.1 200 OK"
2025-03-02 17:10:07,508 - httpx - INFO - HTTP Request: POST https://api.telegram.org/bot8077274379:AAFawJIixuMK47T9RpxiMv0TC_FnYLA6LWI/sendMessage "HTTP/1.1 200 OK"
2025-03-02 17:10:08,157 - httpx - INFO - HTTP Request: POST https://api.telegram.org/bot8077274379:AAFawJIixuMK47T9RpxiMv0TC_FnYLA6LWI/sendMessage "HTTP/1.1 200 OK"
2025-03-02 17:10:16,800 - httpx - INFO - HTTP Request: POST https://api.telegram.org/bot8077274379:AAFawJIixuMK47T9RpxiMv0TC_FnYLA6LWI/getUpdates "HTTP/1.1 200 OK"
2025-03-02 17:10:27,061 - httpx - INFO - HTTP Request: POST https://api.telegram.org/bot8077274379:AAFawJIixuMK47T9RpxiMv0TC_FnYLA6LWI/getUpdates "HTTP/1.1 200 OK"
2025-03-02 17:10:37,308 - httpx - INFO - HTTP Request: POST https://api.telegram.org/bot8077274379:AAFawJIixuMK47T9RpxiMv0TC_FnYLA6LWI/getUpdates "HTTP/1.1 200 OK"
2025-03-02 17:10:47,548 - httpx - INFO - HTTP Request: POST https://api.telegram.org/bot8077274379:AAFawJIixuMK47T9RpxiMv0TC_FnYLA6LWI/getUpdates "HTTP/1.1 200 OK"
2025-03-02 17:10:57,810 - httpx - INFO - HTTP Request: POST https://api.telegram.org/bot8077274379:AAFawJIixuMK47T9RpxiMv0TC_FnYLA6LWI/getUpdates "HTTP/1.1 200 OK"
2025-03-02 17:11:08,058 - httpx - INFO - HTTP Request: POST https://api.telegram.org/bot8077274379:AAFawJIixuMK47T9RpxiMv0TC_FnYLA6LWI/getUpdates "HTTP/1.1 200 OK"
2025-03-02 17:11:18,278 - httpx - INFO - HTTP Request: POST https://api.telegram.org/bot8077274379:AAFawJIixuMK47T9RpxiMv0TC_FnYLA6LWI/getUpdates "HTTP/1.1 200 OK"
